{"/home/travis/build/npmtest/node-npmtest-npm-check/test.js":{"path":"/home/travis/build/npmtest/node-npmtest-npm-check/test.js","s":{"1":2,"2":2,"3":2,"4":2,"5":2,"6":2,"7":2,"8":1,"9":2,"10":2,"11":1,"12":1,"13":1,"14":1,"15":2,"16":2,"17":2,"18":2,"19":1,"20":1,"21":2,"22":2,"23":2,"24":1,"25":1,"26":1,"27":1,"28":1,"29":1,"30":1,"31":1,"32":1,"33":1,"34":1,"35":1,"36":1,"37":1,"38":1,"39":2,"40":2,"41":1,"42":2,"43":2,"44":1,"45":2,"46":2,"47":1,"48":2,"49":2,"50":1,"51":1,"52":1,"53":1,"54":1},"b":{"1":[2,1,1,1],"2":[1,1,1,1],"3":[1,1],"4":[1,1],"5":[1,1],"6":[1,1],"7":[1,1],"8":[1,1],"9":[1,1],"10":[1,1,1],"11":[1,1],"12":[1,1],"13":[1,1],"14":[1,1],"15":[1,1],"16":[1,1],"17":[1,1]},"f":{"1":2,"2":2,"3":2,"4":2,"5":2,"6":1,"7":1,"8":1,"9":2,"10":2,"11":2,"12":2,"13":1},"fnMap":{"1":{"name":"(anonymous_1)","line":12,"loc":{"start":{"line":12,"column":1},"end":{"line":12,"column":13}}},"2":{"name":"(anonymous_2)","line":19,"loc":{"start":{"line":19,"column":5},"end":{"line":19,"column":17}}},"3":{"name":"(anonymous_3)","line":23,"loc":{"start":{"line":23,"column":24},"end":{"line":23,"column":36}}},"4":{"name":"(anonymous_4)","line":61,"loc":{"start":{"line":61,"column":5},"end":{"line":61,"column":17}}},"5":{"name":"(anonymous_5)","line":82,"loc":{"start":{"line":82,"column":5},"end":{"line":82,"column":17}}},"6":{"name":"(anonymous_6)","line":91,"loc":{"start":{"line":91,"column":77},"end":{"line":94,"column":10}}},"7":{"name":"(anonymous_7)","line":112,"loc":{"start":{"line":112,"column":83},"end":{"line":115,"column":10}},"skip":true},"8":{"name":"(anonymous_8)","line":123,"loc":{"start":{"line":123,"column":77},"end":{"line":126,"column":10}},"skip":true},"9":{"name":"(anonymous_9)","line":139,"loc":{"start":{"line":139,"column":12},"end":{"line":139,"column":40}},"skip":true},"10":{"name":"(anonymous_10)","line":147,"loc":{"start":{"line":147,"column":77},"end":{"line":150,"column":10}},"skip":true},"11":{"name":"(anonymous_11)","line":158,"loc":{"start":{"line":158,"column":83},"end":{"line":161,"column":10}},"skip":true},"12":{"name":"(anonymous_12)","line":169,"loc":{"start":{"line":169,"column":79},"end":{"line":172,"column":10}},"skip":true},"13":{"name":"(anonymous_13)","line":180,"loc":{"start":{"line":180,"column":75},"end":{"line":183,"column":10}},"skip":true}},"statementMap":{"1":{"start":{"line":12,"column":0},"end":{"line":195,"column":5}},"2":{"start":{"line":14,"column":4},"end":{"line":14,"column":14}},"3":{"start":{"line":19,"column":4},"end":{"line":56,"column":9}},"4":{"start":{"line":21,"column":8},"end":{"line":21,"column":19}},"5":{"start":{"line":23,"column":8},"end":{"line":35,"column":13}},"6":{"start":{"line":24,"column":12},"end":{"line":34,"column":13}},"7":{"start":{"line":25,"column":16},"end":{"line":28,"column":30}},"8":{"start":{"line":30,"column":16},"end":{"line":33,"column":27}},"9":{"start":{"line":37,"column":8},"end":{"line":39,"column":21}},"10":{"start":{"line":40,"column":8},"end":{"line":53,"column":9}},"11":{"start":{"line":43,"column":12},"end":{"line":46,"column":14}},"12":{"start":{"line":47,"column":12},"end":{"line":47,"column":18}},"13":{"start":{"line":50,"column":12},"end":{"line":51,"column":46}},"14":{"start":{"line":52,"column":12},"end":{"line":52,"column":18}},"15":{"start":{"line":55,"column":8},"end":{"line":55,"column":35}},"16":{"start":{"line":61,"column":4},"end":{"line":63,"column":9}},"17":{"start":{"line":62,"column":8},"end":{"line":62,"column":15}},"18":{"start":{"line":64,"column":4},"end":{"line":77,"column":5}},"19":{"start":{"line":70,"column":8},"end":{"line":70,"column":14}},"20":{"start":{"line":76,"column":8},"end":{"line":76,"column":14}},"21":{"start":{"line":82,"column":4},"end":{"line":84,"column":9}},"22":{"start":{"line":83,"column":8},"end":{"line":83,"column":15}},"23":{"start":{"line":85,"column":4},"end":{"line":194,"column":5}},"24":{"start":{"line":91,"column":8},"end":{"line":99,"column":10}},"25":{"start":{"line":98,"column":12},"end":{"line":98,"column":35}},"26":{"start":{"line":102,"column":8},"end":{"line":104,"column":63}},"27":{"start":{"line":105,"column":8},"end":{"line":105,"column":14}},"28":{"start":{"line":112,"column":8},"end":{"line":121,"column":10},"skip":true},"29":{"start":{"line":119,"column":12},"end":{"line":119,"column":55},"skip":true},"30":{"start":{"line":120,"column":12},"end":{"line":120,"column":48},"skip":true},"31":{"start":{"line":123,"column":8},"end":{"line":136,"column":10},"skip":true},"32":{"start":{"line":130,"column":12},"end":{"line":130,"column":76},"skip":true},"33":{"start":{"line":131,"column":12},"end":{"line":131,"column":73},"skip":true},"34":{"start":{"line":132,"column":12},"end":{"line":132,"column":74},"skip":true},"35":{"start":{"line":133,"column":12},"end":{"line":133,"column":79},"skip":true},"36":{"start":{"line":134,"column":12},"end":{"line":134,"column":25},"skip":true},"37":{"start":{"line":135,"column":12},"end":{"line":135,"column":45},"skip":true},"38":{"start":{"line":138,"column":8},"end":{"line":145,"column":14},"skip":true},"39":{"start":{"line":143,"column":16},"end":{"line":143,"column":29},"skip":true},"40":{"start":{"line":144,"column":16},"end":{"line":144,"column":55},"skip":true},"41":{"start":{"line":147,"column":8},"end":{"line":156,"column":10},"skip":true},"42":{"start":{"line":154,"column":12},"end":{"line":154,"column":25},"skip":true},"43":{"start":{"line":155,"column":12},"end":{"line":155,"column":45},"skip":true},"44":{"start":{"line":158,"column":8},"end":{"line":167,"column":10},"skip":true},"45":{"start":{"line":165,"column":12},"end":{"line":165,"column":25},"skip":true},"46":{"start":{"line":166,"column":12},"end":{"line":166,"column":48},"skip":true},"47":{"start":{"line":169,"column":8},"end":{"line":178,"column":10},"skip":true},"48":{"start":{"line":176,"column":12},"end":{"line":176,"column":25},"skip":true},"49":{"start":{"line":177,"column":12},"end":{"line":177,"column":46},"skip":true},"50":{"start":{"line":180,"column":8},"end":{"line":189,"column":10},"skip":true},"51":{"start":{"line":187,"column":12},"end":{"line":187,"column":94},"skip":true},"52":{"start":{"line":188,"column":12},"end":{"line":188,"column":48},"skip":true},"53":{"start":{"line":192,"column":8},"end":{"line":192,"column":35},"skip":true},"54":{"start":{"line":193,"column":8},"end":{"line":193,"column":14},"skip":true}},"branchMap":{"1":{"line":25,"type":"binary-expr","locations":[{"start":{"line":25,"column":23},"end":{"line":25,"column":62}},{"start":{"line":26,"column":20},"end":{"line":26,"column":70}},{"start":{"line":27,"column":20},"end":{"line":27,"column":71}},{"start":{"line":28,"column":20},"end":{"line":28,"column":29}}]},"2":{"line":30,"type":"binary-expr","locations":[{"start":{"line":30,"column":23},"end":{"line":30,"column":37}},{"start":{"line":31,"column":20},"end":{"line":31,"column":61}},{"start":{"line":32,"column":20},"end":{"line":32,"column":70}},{"start":{"line":33,"column":20},"end":{"line":33,"column":26}}]},"3":{"line":37,"type":"cond-expr","locations":[{"start":{"line":38,"column":14},"end":{"line":38,"column":20}},{"start":{"line":39,"column":14},"end":{"line":39,"column":20}}]},"4":{"line":40,"type":"switch","locations":[{"start":{"line":42,"column":8},"end":{"line":47,"column":18}},{"start":{"line":49,"column":8},"end":{"line":52,"column":18}}]},"5":{"line":44,"type":"binary-expr","locations":[{"start":{"line":44,"column":16},"end":{"line":44,"column":44}},{"start":{"line":44,"column":48},"end":{"line":44,"column":66}}]},"6":{"line":50,"type":"binary-expr","locations":[{"start":{"line":50,"column":21},"end":{"line":50,"column":49}},{"start":{"line":50,"column":53},"end":{"line":50,"column":72}}]},"7":{"line":64,"type":"switch","locations":[{"start":{"line":69,"column":4},"end":{"line":70,"column":14}},{"start":{"line":75,"column":4},"end":{"line":76,"column":14}}]},"8":{"line":85,"type":"switch","locations":[{"start":{"line":90,"column":4},"end":{"line":105,"column":14}},{"start":{"line":111,"column":4},"end":{"line":193,"column":14},"skip":true}]},"9":{"line":91,"type":"binary-expr","locations":[{"start":{"line":91,"column":42},"end":{"line":91,"column":73}},{"start":{"line":91,"column":77},"end":{"line":99,"column":9}}]},"10":{"line":102,"type":"binary-expr","locations":[{"start":{"line":102,"column":18},"end":{"line":102,"column":32}},{"start":{"line":103,"column":12},"end":{"line":103,"column":53}},{"start":{"line":104,"column":12},"end":{"line":104,"column":61}}]},"11":{"line":112,"type":"binary-expr","locations":[{"start":{"line":112,"column":45},"end":{"line":112,"column":79},"skip":true},{"start":{"line":112,"column":83},"end":{"line":121,"column":9},"skip":true}]},"12":{"line":123,"type":"binary-expr","locations":[{"start":{"line":123,"column":42},"end":{"line":123,"column":73},"skip":true},{"start":{"line":123,"column":77},"end":{"line":136,"column":9},"skip":true}]},"13":{"line":138,"type":"binary-expr","locations":[{"start":{"line":138,"column":48},"end":{"line":138,"column":85},"skip":true},{"start":{"line":139,"column":12},"end":{"line":145,"column":13},"skip":true}]},"14":{"line":147,"type":"binary-expr","locations":[{"start":{"line":147,"column":42},"end":{"line":147,"column":73},"skip":true},{"start":{"line":147,"column":77},"end":{"line":156,"column":9},"skip":true}]},"15":{"line":158,"type":"binary-expr","locations":[{"start":{"line":158,"column":45},"end":{"line":158,"column":79},"skip":true},{"start":{"line":158,"column":83},"end":{"line":167,"column":9},"skip":true}]},"16":{"line":169,"type":"binary-expr","locations":[{"start":{"line":169,"column":43},"end":{"line":169,"column":75},"skip":true},{"start":{"line":169,"column":79},"end":{"line":178,"column":9},"skip":true}]},"17":{"line":180,"type":"binary-expr","locations":[{"start":{"line":180,"column":41},"end":{"line":180,"column":71},"skip":true},{"start":{"line":180,"column":75},"end":{"line":189,"column":9},"skip":true}]}},"code":["/* istanbul instrument in package npmtest_npm_check */","/*jslint","    bitwise: true,","    browser: true,","    maxerr: 8,","    maxlen: 96,","    node: true,","    nomen: true,","    regexp: true,","    stupid: true","*/","(function () {","    'use strict';","    var local;","","","","    // run shared js-env code - pre-init","    (function () {","        // init local","        local = {};","        // init modeJs","        local.modeJs = (function () {","            try {","                return typeof navigator.userAgent === 'string' &&","                    typeof document.querySelector('body') === 'object' &&","                    typeof XMLHttpRequest.prototype.open === 'function' &&","                    'browser';","            } catch (errorCaughtBrowser) {","                return module.exports &&","                    typeof process.versions.node === 'string' &&","                    typeof require('http').createServer === 'function' &&","                    'node';","            }","        }());","        // init global","        local.global = local.modeJs === 'browser'","            ? window","            : global;","        switch (local.modeJs) {","        // re-init local from window.local","        case 'browser':","            local = local.global.utility2.objectSetDefault(","                local.global.utility2_rollup || local.global.local,","                local.global.utility2","            );","            break;","        // re-init local from example.js","        case 'node':","            local = (local.global.utility2_rollup || require('utility2'))","                .requireExampleJsFromReadme();","            break;","        }","        // export local","        local.global.local = local;","    }());","","","","    // run shared js-env code - function","    (function () {","        return;","    }());","    switch (local.modeJs) {","","","","    // run browser js-env code - function","    case 'browser':","        break;","","","","    // run node js-env code - function","    case 'node':","        break;","    }","","","","    // run shared js-env code - post-init","    (function () {","        return;","    }());","    switch (local.modeJs) {","","","","    // run browser js-env code - post-init","    case 'browser':","        local.testCase_browser_nullCase = local.testCase_browser_nullCase || function (","            options,","            onError","        ) {","        /*","         * this function will test browsers's null-case handling-behavior-behavior","         */","            onError(null, options);","        };","","        // run tests","        local.nop(local.modeTest &&","            document.querySelector('#testRunButton1') &&","            document.querySelector('#testRunButton1').click());","        break;","","","","    // run node js-env code - post-init","    /* istanbul ignore next */","    case 'node':","        local.testCase_buildApidoc_default = local.testCase_buildApidoc_default || function (","            options,","            onError","        ) {","        /*","         * this function will test buildApidoc's default handling-behavior-behavior","         */","            options = { modulePathList: module.paths };","            local.buildApidoc(options, onError);","        };","","        local.testCase_buildApp_default = local.testCase_buildApp_default || function (","            options,","            onError","        ) {","        /*","         * this function will test buildApp's default handling-behavior-behavior","         */","            local.testCase_buildReadme_default(options, local.onErrorThrow);","            local.testCase_buildLib_default(options, local.onErrorThrow);","            local.testCase_buildTest_default(options, local.onErrorThrow);","            local.testCase_buildCustomOrg_default(options, local.onErrorThrow);","            options = [];","            local.buildApp(options, onError);","        };","","        local.testCase_buildCustomOrg_default = local.testCase_buildCustomOrg_default ||","            function (options, onError) {","            /*","             * this function will test buildCustomOrg's default handling-behavior","             */","                options = {};","                local.buildCustomOrg(options, onError);","            };","","        local.testCase_buildLib_default = local.testCase_buildLib_default || function (","            options,","            onError","        ) {","        /*","         * this function will test buildLib's default handling-behavior","         */","            options = {};","            local.buildLib(options, onError);","        };","","        local.testCase_buildReadme_default = local.testCase_buildReadme_default || function (","            options,","            onError","        ) {","        /*","         * this function will test buildReadme's default handling-behavior-behavior","         */","            options = {};","            local.buildReadme(options, onError);","        };","","        local.testCase_buildTest_default = local.testCase_buildTest_default || function (","            options,","            onError","        ) {","        /*","         * this function will test buildTest's default handling-behavior","         */","            options = {};","            local.buildTest(options, onError);","        };","","        local.testCase_webpage_default = local.testCase_webpage_default || function (","            options,","            onError","        ) {","        /*","         * this function will test webpage's default handling-behavior","         */","            options = { modeCoverageMerge: true, url: local.serverLocalHost + '?modeTest=1' };","            local.browserTest(options, onError);","        };","","        // run test-server","        local.testRunServer(local);","        break;","    }","}());",""],"l":{"12":2,"14":2,"19":2,"21":2,"23":2,"24":2,"25":2,"30":1,"37":2,"40":2,"43":1,"47":1,"50":1,"52":1,"55":2,"61":2,"62":2,"64":2,"70":1,"76":1,"82":2,"83":2,"85":2,"91":1,"98":1,"102":1,"105":1,"112":1,"119":1,"120":1,"123":1,"130":1,"131":1,"132":1,"133":1,"134":1,"135":1,"138":1,"143":2,"144":2,"147":1,"154":2,"155":2,"158":1,"165":2,"166":2,"169":1,"176":2,"177":2,"180":1,"187":1,"188":1,"192":1,"193":1}},"/home/travis/build/npmtest/node-npmtest-npm-check/lib.npmtest_npm_check.js":{"path":"/home/travis/build/npmtest/node-npmtest-npm-check/lib.npmtest_npm_check.js","s":{"1":2,"2":2,"3":2,"4":2,"5":2,"6":2,"7":2,"8":1,"9":2,"10":2,"11":2,"12":2,"13":1,"14":1,"15":1,"16":1},"b":{"1":[2,1,1,1],"2":[1,1,1,1],"3":[1,1],"4":[2,2],"5":[1,1]},"f":{"1":2,"2":2,"3":2},"fnMap":{"1":{"name":"(anonymous_1)","line":12,"loc":{"start":{"line":12,"column":1},"end":{"line":12,"column":13}}},"2":{"name":"(anonymous_2)","line":19,"loc":{"start":{"line":19,"column":5},"end":{"line":19,"column":17}}},"3":{"name":"(anonymous_3)","line":23,"loc":{"start":{"line":23,"column":24},"end":{"line":23,"column":36}}}},"statementMap":{"1":{"start":{"line":12,"column":0},"end":{"line":53,"column":5}},"2":{"start":{"line":14,"column":4},"end":{"line":14,"column":14}},"3":{"start":{"line":19,"column":4},"end":{"line":52,"column":9}},"4":{"start":{"line":21,"column":8},"end":{"line":21,"column":19}},"5":{"start":{"line":23,"column":8},"end":{"line":35,"column":13}},"6":{"start":{"line":24,"column":12},"end":{"line":34,"column":13}},"7":{"start":{"line":25,"column":16},"end":{"line":28,"column":30}},"8":{"start":{"line":30,"column":16},"end":{"line":33,"column":27}},"9":{"start":{"line":37,"column":8},"end":{"line":39,"column":21}},"10":{"start":{"line":41,"column":8},"end":{"line":41,"column":54}},"11":{"start":{"line":43,"column":8},"end":{"line":43,"column":54}},"12":{"start":{"line":45,"column":8},"end":{"line":51,"column":9}},"13":{"start":{"line":46,"column":12},"end":{"line":46,"column":60}},"14":{"start":{"line":48,"column":12},"end":{"line":48,"column":35}},"15":{"start":{"line":49,"column":12},"end":{"line":49,"column":49}},"16":{"start":{"line":50,"column":12},"end":{"line":50,"column":43}}},"branchMap":{"1":{"line":25,"type":"binary-expr","locations":[{"start":{"line":25,"column":23},"end":{"line":25,"column":62}},{"start":{"line":26,"column":20},"end":{"line":26,"column":70}},{"start":{"line":27,"column":20},"end":{"line":27,"column":71}},{"start":{"line":28,"column":20},"end":{"line":28,"column":29}}]},"2":{"line":30,"type":"binary-expr","locations":[{"start":{"line":30,"column":23},"end":{"line":30,"column":37}},{"start":{"line":31,"column":20},"end":{"line":31,"column":61}},{"start":{"line":32,"column":20},"end":{"line":32,"column":70}},{"start":{"line":33,"column":20},"end":{"line":33,"column":26}}]},"3":{"line":37,"type":"cond-expr","locations":[{"start":{"line":38,"column":14},"end":{"line":38,"column":20}},{"start":{"line":39,"column":14},"end":{"line":39,"column":20}}]},"4":{"line":41,"type":"binary-expr","locations":[{"start":{"line":41,"column":16},"end":{"line":41,"column":44}},{"start":{"line":41,"column":48},"end":{"line":41,"column":53}}]},"5":{"line":45,"type":"if","locations":[{"start":{"line":45,"column":8},"end":{"line":45,"column":8}},{"start":{"line":45,"column":8},"end":{"line":45,"column":8}}]}},"code":["/* istanbul instrument in package npmtest_npm_check */","/*jslint","    bitwise: true,","    browser: true,","    maxerr: 8,","    maxlen: 96,","    node: true,","    nomen: true,","    regexp: true,","    stupid: true","*/","(function () {","    'use strict';","    var local;","","","","    // run shared js-env code - pre-init","    (function () {","        // init local","        local = {};","        // init modeJs","        local.modeJs = (function () {","            try {","                return typeof navigator.userAgent === 'string' &&","                    typeof document.querySelector('body') === 'object' &&","                    typeof XMLHttpRequest.prototype.open === 'function' &&","                    'browser';","            } catch (errorCaughtBrowser) {","                return module.exports &&","                    typeof process.versions.node === 'string' &&","                    typeof require('http').createServer === 'function' &&","                    'node';","            }","        }());","        // init global","        local.global = local.modeJs === 'browser'","            ? window","            : global;","        // init utility2_rollup","        local = local.global.utility2_rollup || local;","        // init lib","        local.local = local.npmtest_npm_check = local;","        // init exports","        if (local.modeJs === 'browser') {","            local.global.utility2_npmtest_npm_check = local;","        } else {","            module.exports = local;","            module.exports.__dirname = __dirname;","            module.exports.module = module;","        }","    }());","}());",""],"l":{"12":2,"14":2,"19":2,"21":2,"23":2,"24":2,"25":2,"30":1,"37":2,"41":2,"43":2,"45":2,"46":1,"48":1,"49":1,"50":1}},"/home/travis/build/npmtest/node-npmtest-npm-check/example.js":{"path":"/home/travis/build/npmtest/node-npmtest-npm-check/example.js","s":{"1":2,"2":2,"3":2,"4":2,"5":2,"6":2,"7":2,"8":1,"9":2,"10":2,"11":2,"12":2,"13":1,"14":2,"15":2,"16":2,"17":2,"18":2,"19":0,"20":2,"21":1,"22":1,"23":1,"24":1,"25":1,"26":0,"27":0,"28":1,"29":1,"30":2,"31":0,"32":0,"33":0,"34":1,"35":2,"36":2,"37":3,"38":3,"39":3,"40":3,"41":0,"42":3,"43":3,"44":3,"45":1,"46":3,"47":1,"48":1,"49":1,"50":1,"51":1,"52":1,"53":1,"54":1,"55":1,"56":1,"57":0,"58":1,"59":6,"60":6,"61":1,"62":2,"63":0,"64":2,"65":1,"66":1,"67":0,"68":0,"69":0,"70":0,"71":0,"72":0,"73":0,"74":0,"75":0,"76":0,"77":0,"78":0,"79":0,"80":0,"81":0,"82":0,"83":0},"b":{"1":[2,1,1,1],"2":[1,1,1,1],"3":[1,1],"4":[2,2],"5":[1,1],"6":[1,1],"7":[2,0],"8":[2,1,1,1,1,1],"9":[0,2,0],"10":[1,1],"11":[2,1,1],"12":[1,0],"13":[0,2],"14":[2,0,0,0,0,0,0],"15":[0,3],"16":[3,0],"17":[1,1],"18":[0,1],"19":[1,2,0,2],"20":[1,0],"21":[1,1],"22":[0,0],"23":[0,0],"24":[0,0],"25":[0,0],"26":[0,0],"27":[0,0],"28":[0,0]},"f":{"1":2,"2":2,"3":2,"4":2,"5":2,"6":2,"7":3,"8":3,"9":3,"10":1,"11":6,"12":0},"fnMap":{"1":{"name":"(anonymous_1)","line":26,"loc":{"start":{"line":26,"column":1},"end":{"line":26,"column":13}}},"2":{"name":"(anonymous_2)","line":33,"loc":{"start":{"line":33,"column":5},"end":{"line":33,"column":17}}},"3":{"name":"(anonymous_3)","line":37,"loc":{"start":{"line":37,"column":24},"end":{"line":37,"column":36}}},"4":{"name":"(anonymous_4)","line":69,"loc":{"start":{"line":69,"column":31},"end":{"line":69,"column":48}},"skip":true},"5":{"name":"(anonymous_5)","line":78,"loc":{"start":{"line":78,"column":26},"end":{"line":78,"column":45}},"skip":true},"6":{"name":"(anonymous_6)","line":123,"loc":{"start":{"line":123,"column":33},"end":{"line":123,"column":48}},"skip":true},"7":{"name":"(anonymous_7)","line":125,"loc":{"start":{"line":125,"column":27},"end":{"line":125,"column":39}},"skip":true},"8":{"name":"(anonymous_8)","line":133,"loc":{"start":{"line":133,"column":59},"end":{"line":133,"column":74}},"skip":true},"9":{"name":"(anonymous_9)","line":143,"loc":{"start":{"line":143,"column":45},"end":{"line":143,"column":62}},"skip":true},"10":{"name":"(anonymous_10)","line":144,"loc":{"start":{"line":144,"column":73},"end":{"line":144,"column":92}},"skip":true},"11":{"name":"(anonymous_11)","line":272,"loc":{"start":{"line":272,"column":51},"end":{"line":272,"column":77}},"skip":true},"12":{"name":"(anonymous_12)","line":315,"loc":{"start":{"line":315,"column":32},"end":{"line":315,"column":61}},"skip":true}},"statementMap":{"1":{"start":{"line":26,"column":0},"end":{"line":326,"column":5}},"2":{"start":{"line":28,"column":4},"end":{"line":28,"column":14}},"3":{"start":{"line":33,"column":4},"end":{"line":60,"column":9}},"4":{"start":{"line":35,"column":8},"end":{"line":35,"column":19}},"5":{"start":{"line":37,"column":8},"end":{"line":49,"column":13}},"6":{"start":{"line":38,"column":12},"end":{"line":48,"column":13}},"7":{"start":{"line":39,"column":16},"end":{"line":42,"column":30}},"8":{"start":{"line":44,"column":16},"end":{"line":47,"column":27}},"9":{"start":{"line":51,"column":8},"end":{"line":53,"column":21}},"10":{"start":{"line":55,"column":8},"end":{"line":57,"column":45}},"11":{"start":{"line":59,"column":8},"end":{"line":59,"column":35}},"12":{"start":{"line":61,"column":4},"end":{"line":325,"column":5}},"13":{"start":{"line":69,"column":8},"end":{"line":121,"column":10},"skip":true},"14":{"start":{"line":70,"column":12},"end":{"line":88,"column":13},"skip":true},"15":{"start":{"line":76,"column":16},"end":{"line":87,"column":19},"skip":true},"16":{"start":{"line":79,"column":20},"end":{"line":86,"column":21},"skip":true},"17":{"start":{"line":82,"column":24},"end":{"line":82,"column":43},"skip":true},"18":{"start":{"line":83,"column":24},"end":{"line":83,"column":30},"skip":true},"19":{"start":{"line":85,"column":24},"end":{"line":85,"column":49},"skip":true},"20":{"start":{"line":89,"column":12},"end":{"line":107,"column":13},"skip":true},"21":{"start":{"line":92,"column":16},"end":{"line":102,"column":17},"skip":true},"22":{"start":{"line":93,"column":20},"end":{"line":93,"column":86},"skip":true},"23":{"start":{"line":94,"column":20},"end":{"line":95,"column":45},"skip":true},"24":{"start":{"line":96,"column":20},"end":{"line":96,"column":42},"skip":true},"25":{"start":{"line":97,"column":20},"end":{"line":97,"column":48},"skip":true},"26":{"start":{"line":100,"column":20},"end":{"line":100,"column":85},"skip":true},"27":{"start":{"line":101,"column":20},"end":{"line":101,"column":96},"skip":true},"28":{"start":{"line":103,"column":16},"end":{"line":103,"column":22},"skip":true},"29":{"start":{"line":106,"column":16},"end":{"line":106,"column":22},"skip":true},"30":{"start":{"line":108,"column":12},"end":{"line":120,"column":13},"skip":true},"31":{"start":{"line":114,"column":16},"end":{"line":119,"column":17},"skip":true},"32":{"start":{"line":116,"column":20},"end":{"line":116,"column":78},"skip":true},"33":{"start":{"line":118,"column":20},"end":{"line":118,"column":47},"skip":true},"34":{"start":{"line":123,"column":8},"end":{"line":141,"column":11},"skip":true},"35":{"start":{"line":124,"column":12},"end":{"line":124,"column":54},"skip":true},"36":{"start":{"line":125,"column":12},"end":{"line":140,"column":14},"skip":true},"37":{"start":{"line":126,"column":16},"end":{"line":126,"column":28},"skip":true},"38":{"start":{"line":127,"column":16},"end":{"line":127,"column":69},"skip":true},"39":{"start":{"line":128,"column":16},"end":{"line":128,"column":75},"skip":true},"40":{"start":{"line":129,"column":16},"end":{"line":131,"column":17},"skip":true},"41":{"start":{"line":130,"column":20},"end":{"line":130,"column":27},"skip":true},"42":{"start":{"line":133,"column":16},"end":{"line":137,"column":36},"skip":true},"43":{"start":{"line":134,"column":20},"end":{"line":136,"column":55},"skip":true},"44":{"start":{"line":139,"column":16},"end":{"line":139,"column":57},"skip":true},"45":{"start":{"line":143,"column":8},"end":{"line":147,"column":11},"skip":true},"46":{"start":{"line":144,"column":12},"end":{"line":146,"column":15},"skip":true},"47":{"start":{"line":145,"column":16},"end":{"line":145,"column":70},"skip":true},"48":{"start":{"line":149,"column":8},"end":{"line":149,"column":31},"skip":true},"49":{"start":{"line":150,"column":8},"end":{"line":150,"column":14},"skip":true},"50":{"start":{"line":158,"column":8},"end":{"line":158,"column":31},"skip":true},"51":{"start":{"line":160,"column":8},"end":{"line":160,"column":33},"skip":true},"52":{"start":{"line":161,"column":8},"end":{"line":161,"column":37},"skip":true},"53":{"start":{"line":162,"column":8},"end":{"line":162,"column":35},"skip":true},"54":{"start":{"line":164,"column":8},"end":{"line":164,"column":50},"skip":true},"55":{"start":{"line":166,"column":8},"end":{"line":256,"column":2},"skip":true},"56":{"start":{"line":258,"column":8},"end":{"line":286,"column":9},"skip":true},"57":{"start":{"line":259,"column":12},"end":{"line":269,"column":14},"skip":true},"58":{"start":{"line":271,"column":12},"end":{"line":285,"column":19},"skip":true},"59":{"start":{"line":274,"column":20},"end":{"line":274,"column":35},"skip":true},"60":{"start":{"line":275,"column":20},"end":{"line":284,"column":21},"skip":true},"61":{"start":{"line":277,"column":24},"end":{"line":277,"column":64},"skip":true},"62":{"start":{"line":279,"column":24},"end":{"line":279,"column":40},"skip":true},"63":{"start":{"line":281,"column":24},"end":{"line":281,"column":40},"skip":true},"64":{"start":{"line":283,"column":24},"end":{"line":283,"column":39},"skip":true},"65":{"start":{"line":288,"column":8},"end":{"line":290,"column":9},"skip":true},"66":{"start":{"line":289,"column":12},"end":{"line":289,"column":18},"skip":true},"67":{"start":{"line":291,"column":8},"end":{"line":293,"column":54},"skip":true},"68":{"start":{"line":296,"column":8},"end":{"line":301,"column":37},"skip":true},"69":{"start":{"line":303,"column":8},"end":{"line":303,"column":82},"skip":true},"70":{"start":{"line":306,"column":8},"end":{"line":308,"column":9},"skip":true},"71":{"start":{"line":307,"column":12},"end":{"line":307,"column":82},"skip":true},"72":{"start":{"line":310,"column":8},"end":{"line":312,"column":9},"skip":true},"73":{"start":{"line":311,"column":12},"end":{"line":311,"column":18},"skip":true},"74":{"start":{"line":313,"column":8},"end":{"line":313,"column":54},"skip":true},"75":{"start":{"line":314,"column":8},"end":{"line":314,"column":69},"skip":true},"76":{"start":{"line":315,"column":8},"end":{"line":323,"column":36},"skip":true},"77":{"start":{"line":316,"column":12},"end":{"line":316,"column":61},"skip":true},"78":{"start":{"line":317,"column":12},"end":{"line":320,"column":13},"skip":true},"79":{"start":{"line":318,"column":16},"end":{"line":318,"column":75},"skip":true},"80":{"start":{"line":319,"column":16},"end":{"line":319,"column":23},"skip":true},"81":{"start":{"line":321,"column":12},"end":{"line":321,"column":38},"skip":true},"82":{"start":{"line":322,"column":12},"end":{"line":322,"column":27},"skip":true},"83":{"start":{"line":324,"column":8},"end":{"line":324,"column":14},"skip":true}},"branchMap":{"1":{"line":39,"type":"binary-expr","locations":[{"start":{"line":39,"column":23},"end":{"line":39,"column":62}},{"start":{"line":40,"column":20},"end":{"line":40,"column":70}},{"start":{"line":41,"column":20},"end":{"line":41,"column":71}},{"start":{"line":42,"column":20},"end":{"line":42,"column":29}}]},"2":{"line":44,"type":"binary-expr","locations":[{"start":{"line":44,"column":23},"end":{"line":44,"column":37}},{"start":{"line":45,"column":20},"end":{"line":45,"column":61}},{"start":{"line":46,"column":20},"end":{"line":46,"column":70}},{"start":{"line":47,"column":20},"end":{"line":47,"column":26}}]},"3":{"line":51,"type":"cond-expr","locations":[{"start":{"line":52,"column":14},"end":{"line":52,"column":20}},{"start":{"line":53,"column":14},"end":{"line":53,"column":20}}]},"4":{"line":55,"type":"binary-expr","locations":[{"start":{"line":55,"column":16},"end":{"line":55,"column":44}},{"start":{"line":55,"column":49},"end":{"line":57,"column":43}}]},"5":{"line":55,"type":"cond-expr","locations":[{"start":{"line":56,"column":14},"end":{"line":56,"column":53}},{"start":{"line":57,"column":14},"end":{"line":57,"column":43}}]},"6":{"line":61,"type":"switch","locations":[{"start":{"line":68,"column":4},"end":{"line":150,"column":14},"skip":true},{"start":{"line":156,"column":4},"end":{"line":324,"column":14},"skip":true}]},"7":{"line":70,"type":"if","locations":[{"start":{"line":70,"column":12},"end":{"line":70,"column":12},"skip":true},{"start":{"line":70,"column":12},"end":{"line":70,"column":12},"skip":true}]},"8":{"line":70,"type":"binary-expr","locations":[{"start":{"line":70,"column":16},"end":{"line":70,"column":22},"skip":true},{"start":{"line":70,"column":27},"end":{"line":70,"column":32},"skip":true},{"start":{"line":71,"column":20},"end":{"line":71,"column":39},"skip":true},{"start":{"line":72,"column":20},"end":{"line":72,"column":49},"skip":true},{"start":{"line":73,"column":20},"end":{"line":73,"column":58},"skip":true},{"start":{"line":74,"column":20},"end":{"line":74,"column":69},"skip":true}]},"9":{"line":79,"type":"switch","locations":[{"start":{"line":80,"column":20},"end":{"line":80,"column":33},"skip":true},{"start":{"line":81,"column":20},"end":{"line":83,"column":30},"skip":true},{"start":{"line":84,"column":20},"end":{"line":85,"column":49},"skip":true}]},"10":{"line":89,"type":"switch","locations":[{"start":{"line":90,"column":12},"end":{"line":103,"column":22},"skip":true},{"start":{"line":105,"column":12},"end":{"line":106,"column":22},"skip":true}]},"11":{"line":89,"type":"binary-expr","locations":[{"start":{"line":89,"column":20},"end":{"line":89,"column":25},"skip":true},{"start":{"line":89,"column":29},"end":{"line":89,"column":48},"skip":true},{"start":{"line":89,"column":52},"end":{"line":89,"column":74},"skip":true}]},"12":{"line":92,"type":"if","locations":[{"start":{"line":92,"column":16},"end":{"line":92,"column":16},"skip":true},{"start":{"line":92,"column":16},"end":{"line":92,"column":16},"skip":true}]},"13":{"line":108,"type":"if","locations":[{"start":{"line":108,"column":12},"end":{"line":108,"column":12},"skip":true},{"start":{"line":108,"column":12},"end":{"line":108,"column":12},"skip":true}]},"14":{"line":108,"type":"binary-expr","locations":[{"start":{"line":108,"column":16},"end":{"line":108,"column":61},"skip":true},{"start":{"line":108,"column":66},"end":{"line":108,"column":72},"skip":true},{"start":{"line":108,"column":77},"end":{"line":108,"column":82},"skip":true},{"start":{"line":109,"column":20},"end":{"line":109,"column":39},"skip":true},{"start":{"line":110,"column":20},"end":{"line":110,"column":49},"skip":true},{"start":{"line":111,"column":20},"end":{"line":111,"column":58},"skip":true},{"start":{"line":112,"column":20},"end":{"line":112,"column":68},"skip":true}]},"15":{"line":129,"type":"if","locations":[{"start":{"line":129,"column":16},"end":{"line":129,"column":16},"skip":true},{"start":{"line":129,"column":16},"end":{"line":129,"column":16},"skip":true}]},"16":{"line":134,"type":"cond-expr","locations":[{"start":{"line":135,"column":26},"end":{"line":135,"column":29},"skip":true},{"start":{"line":136,"column":26},"end":{"line":136,"column":54},"skip":true}]},"17":{"line":164,"type":"binary-expr","locations":[{"start":{"line":164,"column":27},"end":{"line":164,"column":43},"skip":true},{"start":{"line":164,"column":47},"end":{"line":164,"column":49},"skip":true}]},"18":{"line":258,"type":"if","locations":[{"start":{"line":258,"column":8},"end":{"line":258,"column":8},"skip":true},{"start":{"line":258,"column":8},"end":{"line":258,"column":8},"skip":true}]},"19":{"line":275,"type":"switch","locations":[{"start":{"line":276,"column":20},"end":{"line":277,"column":64},"skip":true},{"start":{"line":278,"column":20},"end":{"line":279,"column":40},"skip":true},{"start":{"line":280,"column":20},"end":{"line":281,"column":40},"skip":true},{"start":{"line":282,"column":20},"end":{"line":283,"column":39},"skip":true}]},"20":{"line":288,"type":"if","locations":[{"start":{"line":288,"column":8},"end":{"line":288,"column":8},"skip":true},{"start":{"line":288,"column":8},"end":{"line":288,"column":8},"skip":true}]},"21":{"line":288,"type":"binary-expr","locations":[{"start":{"line":288,"column":12},"end":{"line":288,"column":40},"skip":true},{"start":{"line":288,"column":44},"end":{"line":288,"column":67},"skip":true}]},"22":{"line":292,"type":"binary-expr","locations":[{"start":{"line":292,"column":12},"end":{"line":292,"column":50},"skip":true},{"start":{"line":293,"column":12},"end":{"line":293,"column":53},"skip":true}]},"23":{"line":297,"type":"binary-expr","locations":[{"start":{"line":297,"column":12},"end":{"line":297,"column":67},"skip":true},{"start":{"line":298,"column":12},"end":{"line":301,"column":36},"skip":true}]},"24":{"line":303,"type":"binary-expr","locations":[{"start":{"line":303,"column":43},"end":{"line":303,"column":75},"skip":true},{"start":{"line":303,"column":79},"end":{"line":303,"column":81},"skip":true}]},"25":{"line":306,"type":"if","locations":[{"start":{"line":306,"column":8},"end":{"line":306,"column":8},"skip":true},{"start":{"line":306,"column":8},"end":{"line":306,"column":8},"skip":true}]},"26":{"line":310,"type":"if","locations":[{"start":{"line":310,"column":8},"end":{"line":310,"column":8},"skip":true},{"start":{"line":310,"column":8},"end":{"line":310,"column":8},"skip":true}]},"27":{"line":313,"type":"binary-expr","locations":[{"start":{"line":313,"column":27},"end":{"line":313,"column":43},"skip":true},{"start":{"line":313,"column":47},"end":{"line":313,"column":53},"skip":true}]},"28":{"line":317,"type":"if","locations":[{"start":{"line":317,"column":12},"end":{"line":317,"column":12},"skip":true},{"start":{"line":317,"column":12},"end":{"line":317,"column":12},"skip":true}]}},"code":["/*","example.js","","quickstart example","","instruction","    1. save this script as example.js","    2. run the shell command:","        $ npm install npmtest-npm-check && PORT=8081 node example.js","    3. play with the browser-demo on http://127.0.0.1:8081","*/","","","","/* istanbul instrument in package npmtest_npm_check */","/*jslint","    bitwise: true,","    browser: true,","    maxerr: 8,","    maxlen: 96,","    node: true,","    nomen: true,","    regexp: true,","    stupid: true","*/","(function () {","    'use strict';","    var local;","","","","    // run shared js-env code - pre-init","    (function () {","        // init local","        local = {};","        // init modeJs","        local.modeJs = (function () {","            try {","                return typeof navigator.userAgent === 'string' &&","                    typeof document.querySelector('body') === 'object' &&","                    typeof XMLHttpRequest.prototype.open === 'function' &&","                    'browser';","            } catch (errorCaughtBrowser) {","                return module.exports &&","                    typeof process.versions.node === 'string' &&","                    typeof require('http').createServer === 'function' &&","                    'node';","            }","        }());","        // init global","        local.global = local.modeJs === 'browser'","            ? window","            : global;","        // init utility2_rollup","        local = local.global.utility2_rollup || (local.modeJs === 'browser'","            ? local.global.utility2_npmtest_npm_check","            : global.utility2_moduleExports);","        // export local","        local.global.local = local;","    }());","    switch (local.modeJs) {","","","","    // post-init","    // run browser js-env code - post-init","    /* istanbul ignore next */","    case 'browser':","        local.testRunBrowser = function (event) {","            if (!event || (event &&","                    event.currentTarget &&","                    event.currentTarget.className &&","                    event.currentTarget.className.includes &&","                    event.currentTarget.className.includes('onreset'))) {","                // reset output","                Array.from(","                    document.querySelectorAll('body > .resettable')","                ).forEach(function (element) {","                    switch (element.tagName) {","                    case 'INPUT':","                    case 'TEXTAREA':","                        element.value = '';","                        break;","                    default:","                        element.textContent = '';","                    }","                });","            }","            switch (event && event.currentTarget && event.currentTarget.id) {","            case 'testRunButton1':","                // show tests","                if (document.querySelector('#testReportDiv1').style.display === 'none') {","                    document.querySelector('#testReportDiv1').style.display = 'block';","                    document.querySelector('#testRunButton1').textContent =","                        'hide internal test';","                    local.modeTest = true;","                    local.testRunDefault(local);","                // hide tests","                } else {","                    document.querySelector('#testReportDiv1').style.display = 'none';","                    document.querySelector('#testRunButton1').textContent = 'run internal test';","                }","                break;","            // custom-case","            default:","                break;","            }","            if (document.querySelector('#inputTextareaEval1') && (!event || (event &&","                    event.currentTarget &&","                    event.currentTarget.className &&","                    event.currentTarget.className.includes &&","                    event.currentTarget.className.includes('oneval')))) {","                // try to eval input-code","                try {","                    /*jslint evil: true*/","                    eval(document.querySelector('#inputTextareaEval1').value);","                } catch (errorCaught) {","                    console.error(errorCaught);","                }","            }","        };","        // log stderr and stdout to #outputTextareaStdout1","        ['error', 'log'].forEach(function (key) {","            console[key + '_original'] = console[key];","            console[key] = function () {","                var element;","                console[key + '_original'].apply(console, arguments);","                element = document.querySelector('#outputTextareaStdout1');","                if (!element) {","                    return;","                }","                // append text to #outputTextareaStdout1","                element.value += Array.from(arguments).map(function (arg) {","                    return typeof arg === 'string'","                        ? arg","                        : JSON.stringify(arg, null, 4);","                }).join(' ') + '\\n';","                // scroll textarea to bottom","                element.scrollTop = element.scrollHeight;","            };","        });","        // init event-handling","        ['change', 'click', 'keyup'].forEach(function (event) {","            Array.from(document.querySelectorAll('.on' + event)).forEach(function (element) {","                element.addEventListener(event, local.testRunBrowser);","            });","        });","        // run tests","        local.testRunBrowser();","        break;","","","","    // run node js-env code - post-init","    /* istanbul ignore next */","    case 'node':","        // export local","        module.exports = local;","        // require modules","        local.fs = require('fs');","        local.http = require('http');","        local.url = require('url');","        // init assets","        local.assetsDict = local.assetsDict || {};","        /* jslint-ignore-begin */","        local.assetsDict['/assets.index.template.html'] = '\\","<!doctype html>\\n\\","<html lang=\"en\">\\n\\","<head>\\n\\","<meta charset=\"UTF-8\">\\n\\","<meta name=\"viewport\" content=\"width=device-width, initial-scale=1\">\\n\\","<title>{{env.npm_package_name}} (v{{env.npm_package_version}})</title>\\n\\","<style>\\n\\","/*csslint\\n\\","    box-sizing: false,\\n\\","    universal-selector: false\\n\\","*/\\n\\","* {\\n\\","    box-sizing: border-box;\\n\\","}\\n\\","body {\\n\\","    background: #dde;\\n\\","    font-family: Arial, Helvetica, sans-serif;\\n\\","    margin: 2rem;\\n\\","}\\n\\","body > * {\\n\\","    margin-bottom: 1rem;\\n\\","}\\n\\",".utility2FooterDiv {\\n\\","    margin-top: 20px;\\n\\","    text-align: center;\\n\\","}\\n\\","</style>\\n\\","<style>\\n\\","/*csslint\\n\\","*/\\n\\","textarea {\\n\\","    font-family: monospace;\\n\\","    height: 10rem;\\n\\","    width: 100%;\\n\\","}\\n\\","textarea[readonly] {\\n\\","    background: #ddd;\\n\\","}\\n\\","</style>\\n\\","</head>\\n\\","<body>\\n\\","<!-- utility2-comment\\n\\","<div id=\"ajaxProgressDiv1\" style=\"background: #d00; height: 2px; left: 0; margin: 0; padding: 0; position: fixed; top: 0; transition: background 0.5s, width 1.5s; width: 25%;\"></div>\\n\\","utility2-comment -->\\n\\","<h1>\\n\\","<!-- utility2-comment\\n\\","    <a\\n\\","        {{#if env.npm_package_homepage}}\\n\\","        href=\"{{env.npm_package_homepage}}\"\\n\\","        {{/if env.npm_package_homepage}}\\n\\","        target=\"_blank\"\\n\\","    >\\n\\","utility2-comment -->\\n\\","        {{env.npm_package_name}} (v{{env.npm_package_version}})\\n\\","<!-- utility2-comment\\n\\","    </a>\\n\\","utility2-comment -->\\n\\","</h1>\\n\\","<h3>{{env.npm_package_description}}</h3>\\n\\","<!-- utility2-comment\\n\\","<h4><a download href=\"assets.app.js\">download standalone app</a></h4>\\n\\","<button class=\"onclick onreset\" id=\"testRunButton1\">run internal test</button><br>\\n\\","<div id=\"testReportDiv1\" style=\"display: none;\"></div>\\n\\","utility2-comment -->\\n\\","\\n\\","\\n\\","\\n\\","<label>stderr and stdout</label>\\n\\","<textarea class=\"resettable\" id=\"outputTextareaStdout1\" readonly></textarea>\\n\\","<!-- utility2-comment\\n\\","{{#if isRollup}}\\n\\","<script src=\"assets.app.js\"></script>\\n\\","{{#unless isRollup}}\\n\\","utility2-comment -->\\n\\","<script src=\"assets.utility2.rollup.js\"></script>\\n\\","<script src=\"jsonp.utility2._stateInit?callback=window.utility2._stateInit\"></script>\\n\\","<script src=\"assets.npmtest_npm_check.rollup.js\"></script>\\n\\","<script src=\"assets.example.js\"></script>\\n\\","<script src=\"assets.test.js\"></script>\\n\\","<!-- utility2-comment\\n\\","{{/if isRollup}}\\n\\","utility2-comment -->\\n\\","<div class=\"utility2FooterDiv\">\\n\\","    [ this app was created with\\n\\","    <a href=\"https://github.com/kaizhu256/node-utility2\" target=\"_blank\">utility2</a>\\n\\","    ]\\n\\","</div>\\n\\","</body>\\n\\","</html>\\n\\","';","        /* jslint-ignore-end */","        if (local.templateRender) {","            local.assetsDict['/'] = local.templateRender(","                local.assetsDict['/assets.index.template.html'],","                {","                    env: local.objectSetDefault(local.env, {","                        npm_package_description: 'the greatest app in the world!',","                        npm_package_name: 'my-app',","                        npm_package_nameAlias: 'my_app',","                        npm_package_version: '0.0.1'","                    })","                }","            );","        } else {","            local.assetsDict['/'] = local.assetsDict['/assets.index.template.html']","                .replace((/\\{\\{env\\.(\\w+?)\\}\\}/g), function (match0, match1) {","                    // jslint-hack","                    String(match0);","                    switch (match1) {","                    case 'npm_package_description':","                        return 'the greatest app in the world!';","                    case 'npm_package_name':","                        return 'my-app';","                    case 'npm_package_nameAlias':","                        return 'my_app';","                    case 'npm_package_version':","                        return '0.0.1';","                    }","                });","        }","        // run the cli","        if (local.global.utility2_rollup || module !== require.main) {","            break;","        }","        local.assetsDict['/assets.example.js'] =","            local.assetsDict['/assets.example.js'] ||","            local.fs.readFileSync(__filename, 'utf8');","        // bug-workaround - long $npm_package_buildCustomOrg","        /* jslint-ignore-begin */","        local.assetsDict['/assets.npmtest_npm_check.rollup.js'] =","            local.assetsDict['/assets.npmtest_npm_check.rollup.js'] ||","            local.fs.readFileSync(","                local.npmtest_npm_check.__dirname + '/lib.npmtest_npm_check.js',","                'utf8'","            ).replace((/^#!/), '//');","        /* jslint-ignore-end */","        local.assetsDict['/favicon.ico'] = local.assetsDict['/favicon.ico'] || '';","        // if $npm_config_timeout_exit exists,","        // then exit this process after $npm_config_timeout_exit ms","        if (Number(process.env.npm_config_timeout_exit)) {","            setTimeout(process.exit, Number(process.env.npm_config_timeout_exit));","        }","        // start server","        if (local.global.utility2_serverHttp1) {","            break;","        }","        process.env.PORT = process.env.PORT || '8081';","        console.error('server starting on port ' + process.env.PORT);","        local.http.createServer(function (request, response) {","            request.urlParsed = local.url.parse(request.url);","            if (local.assetsDict[request.urlParsed.pathname] !== undefined) {","                response.end(local.assetsDict[request.urlParsed.pathname]);","                return;","            }","            response.statusCode = 404;","            response.end();","        }).listen(process.env.PORT);","        break;","    }","}());",""],"l":{"26":2,"28":2,"33":2,"35":2,"37":2,"38":2,"39":2,"44":1,"51":2,"55":2,"59":2,"61":2,"69":1,"70":2,"76":2,"79":2,"82":2,"83":2,"85":1,"89":2,"92":1,"93":1,"94":1,"96":1,"97":1,"100":1,"101":1,"103":1,"106":1,"108":2,"114":1,"116":1,"118":1,"123":1,"124":2,"125":2,"126":3,"127":3,"128":3,"129":3,"130":1,"133":3,"134":3,"139":3,"143":1,"144":3,"145":1,"149":1,"150":1,"158":1,"160":1,"161":1,"162":1,"164":1,"166":1,"258":1,"259":1,"271":1,"274":6,"275":6,"277":1,"279":2,"281":1,"283":2,"288":1,"289":1,"291":1,"296":1,"303":1,"306":1,"307":1,"310":1,"311":1,"313":1,"314":1,"315":1,"316":1,"317":1,"318":1,"319":1,"321":1,"322":1,"324":1}},"/home/travis/build/npmtest/node-npmtest-npm-check/node_modules/npm-check/lib/index.js":{"path":"/home/travis/build/npmtest/node-npmtest-npm-check/node_modules/npm-check/lib/index.js","s":{"1":1,"2":1,"3":1,"4":1,"5":1,"6":1},"b":{},"f":{"1":1},"fnMap":{"1":{"name":"init","line":6,"loc":{"start":{"line":6,"column":0},"end":{"line":6,"column":27}}}},"statementMap":{"1":{"start":{"line":3,"column":0},"end":{"line":3,"column":33}},"2":{"start":{"line":4,"column":0},"end":{"line":4,"column":45}},"3":{"start":{"line":6,"column":0},"end":{"line":9,"column":1}},"4":{"start":{"line":7,"column":4},"end":{"line":8,"column":54}},"5":{"start":{"line":8,"column":30},"end":{"line":8,"column":52}},"6":{"start":{"line":11,"column":0},"end":{"line":11,"column":22}}},"branchMap":{},"code":["'use strict';","","const npmCheck = require('./in');","const createState = require('./state/state');","","function init(userOptions) {","    return createState(userOptions)","        .then(currentState => npmCheck(currentState));","}","","module.exports = init;",""],"l":{"3":1,"4":1,"6":1,"7":1,"8":1,"11":1}},"/home/travis/build/npmtest/node-npmtest-npm-check/node_modules/npm-check/lib/in/index.js":{"path":"/home/travis/build/npmtest/node-npmtest-npm-check/node_modules/npm-check/lib/in/index.js","s":{"1":1,"2":1,"3":1,"4":1,"5":1,"6":1,"7":1,"8":1,"9":1,"10":1,"11":1,"12":1,"13":1,"14":1,"15":0,"16":1,"17":0,"18":1,"19":1,"20":1,"21":1,"22":11,"23":1,"24":1,"25":1},"b":{"1":[1,0],"2":[0,1],"3":[0,1]},"f":{"1":1,"2":1,"3":1},"fnMap":{"1":{"name":"(anonymous_1)","line":8,"loc":{"start":{"line":8,"column":17},"end":{"line":8,"column":41}}},"2":{"name":"(anonymous_2)","line":9,"loc":{"start":{"line":9,"column":14},"end":{"line":9,"column":27}}},"3":{"name":"dependencies","line":18,"loc":{"start":{"line":18,"column":8},"end":{"line":18,"column":35}}}},"statementMap":{"1":{"start":{"line":2,"column":0},"end":{"line":2,"column":25}},"2":{"start":{"line":3,"column":0},"end":{"line":3,"column":39}},"3":{"start":{"line":4,"column":0},"end":{"line":4,"column":27}},"4":{"start":{"line":5,"column":0},"end":{"line":5,"column":59}},"5":{"start":{"line":6,"column":0},"end":{"line":6,"column":65}},"6":{"start":{"line":8,"column":0},"end":{"line":42,"column":2}},"7":{"start":{"line":9,"column":4},"end":{"line":41,"column":7}},"8":{"start":{"line":10,"column":8},"end":{"line":10,"column":46}},"9":{"start":{"line":12,"column":8},"end":{"line":12,"column":77}},"10":{"start":{"line":13,"column":8},"end":{"line":13,"column":73}},"11":{"start":{"line":14,"column":8},"end":{"line":14,"column":24}},"12":{"start":{"line":16,"column":8},"end":{"line":16,"column":66}},"13":{"start":{"line":18,"column":8},"end":{"line":28,"column":9}},"14":{"start":{"line":19,"column":12},"end":{"line":21,"column":13}},"15":{"start":{"line":20,"column":16},"end":{"line":20,"column":58}},"16":{"start":{"line":23,"column":12},"end":{"line":25,"column":13}},"17":{"start":{"line":24,"column":16},"end":{"line":24,"column":40}},"18":{"start":{"line":27,"column":12},"end":{"line":27,"column":64}},"19":{"start":{"line":30,"column":8},"end":{"line":30,"column":61}},"20":{"start":{"line":31,"column":8},"end":{"line":31,"column":128}},"21":{"start":{"line":33,"column":8},"end":{"line":35,"column":29}},"22":{"start":{"line":34,"column":31},"end":{"line":34,"column":77}},"23":{"start":{"line":37,"column":8},"end":{"line":37,"column":57}},"24":{"start":{"line":39,"column":8},"end":{"line":39,"column":23}},"25":{"start":{"line":40,"column":8},"end":{"line":40,"column":28}}},"branchMap":{"1":{"line":13,"type":"binary-expr","locations":[{"start":{"line":13,"column":26},"end":{"line":13,"column":41}},{"start":{"line":13,"column":45},"end":{"line":13,"column":72}}]},"2":{"line":19,"type":"if","locations":[{"start":{"line":19,"column":12},"end":{"line":19,"column":12}},{"start":{"line":19,"column":12},"end":{"line":19,"column":12}}]},"3":{"line":23,"type":"if","locations":[{"start":{"line":23,"column":12},"end":{"line":23,"column":12}},{"start":{"line":23,"column":12},"end":{"line":23,"column":12}}]}},"code":["'use strict';","const co = require('co');","const merge = require('merge-options');","const ora = require('ora');","const getUnusedPackages = require('./get-unused-packages');","const createPackageSummary = require('./create-package-summary');","","module.exports = function (currentState) {","    return co(function *() {","        yield getUnusedPackages(currentState);","","        const spinner = ora(`Checking npm registries for updated packages.`);","        spinner.enabled = spinner.enabled && currentState.get('spinner');","        spinner.start();","","        const cwdPackageJson = currentState.get('cwdPackageJson');","","        function dependencies(pkg) {","            if (currentState.get('global')) {","                return currentState.get('globalPackages');","            }","","            if (currentState.get('ignoreDev')) {","                return pkg.dependencies;","            }","","            return merge(pkg.dependencies, pkg.devDependencies);","        }","","        const allDependencies = dependencies(cwdPackageJson);","        const allDependenciesIncludingMissing = Object.keys(merge(allDependencies, currentState.get('missingFromPackageJson')));","","        const arrayOfPackageInfo = yield allDependenciesIncludingMissing","            .map(moduleName => createPackageSummary(moduleName, currentState))","            .filter(Boolean);","","        currentState.set('packages', arrayOfPackageInfo);","","        spinner.stop();","        return currentState;","    });","};",""],"l":{"2":1,"3":1,"4":1,"5":1,"6":1,"8":1,"9":1,"10":1,"12":1,"13":1,"14":1,"16":1,"18":1,"19":1,"20":0,"23":1,"24":0,"27":1,"30":1,"31":1,"33":1,"34":11,"37":1,"39":1,"40":1}},"/home/travis/build/npmtest/node-npmtest-npm-check/node_modules/npm-check/lib/in/get-unused-packages.js":{"path":"/home/travis/build/npmtest/node-npmtest-npm-check/node_modules/npm-check/lib/in/get-unused-packages.js","s":{"1":1,"2":1,"3":1,"4":1,"5":1,"6":1,"7":1,"8":1,"9":1,"10":1,"11":1,"12":0,"13":1,"14":1,"15":1,"16":1,"17":1,"18":1,"19":1,"20":1,"21":1,"22":1},"b":{"1":[1,1,1,1],"2":[1,0],"3":[0,1],"4":[1,0]},"f":{"1":1,"2":1},"fnMap":{"1":{"name":"skipUnused","line":7,"loc":{"start":{"line":7,"column":0},"end":{"line":7,"column":34}}},"2":{"name":"checkUnused","line":14,"loc":{"start":{"line":14,"column":0},"end":{"line":14,"column":35}}}},"statementMap":{"1":{"start":{"line":3,"column":0},"end":{"line":3,"column":37}},"2":{"start":{"line":4,"column":0},"end":{"line":4,"column":27}},"3":{"start":{"line":5,"column":0},"end":{"line":5,"column":28}},"4":{"start":{"line":7,"column":0},"end":{"line":12,"column":1}},"5":{"start":{"line":8,"column":4},"end":{"line":11,"column":49}},"6":{"start":{"line":14,"column":0},"end":{"line":60,"column":1}},"7":{"start":{"line":15,"column":4},"end":{"line":15,"column":95}},"8":{"start":{"line":16,"column":4},"end":{"line":16,"column":69}},"9":{"start":{"line":17,"column":4},"end":{"line":17,"column":20}},"10":{"start":{"line":19,"column":4},"end":{"line":59,"column":7}},"11":{"start":{"line":20,"column":8},"end":{"line":22,"column":9}},"12":{"start":{"line":21,"column":12},"end":{"line":21,"column":34}},"13":{"start":{"line":24,"column":8},"end":{"line":44,"column":10}},"14":{"start":{"line":46,"column":8},"end":{"line":46,"column":68}},"15":{"start":{"line":48,"column":8},"end":{"line":48,"column":23}},"16":{"start":{"line":49,"column":8},"end":{"line":49,"column":108}},"17":{"start":{"line":50,"column":8},"end":{"line":50,"column":67}},"18":{"start":{"line":52,"column":8},"end":{"line":52,"column":66}},"19":{"start":{"line":55,"column":8},"end":{"line":56,"column":107}},"20":{"start":{"line":57,"column":8},"end":{"line":57,"column":75}},"21":{"start":{"line":58,"column":8},"end":{"line":58,"column":28}},"22":{"start":{"line":62,"column":0},"end":{"line":62,"column":29}}},"branchMap":{"1":{"line":8,"type":"binary-expr","locations":[{"start":{"line":8,"column":11},"end":{"line":8,"column":41}},{"start":{"line":9,"column":8},"end":{"line":9,"column":34}},{"start":{"line":10,"column":8},"end":{"line":10,"column":34}},{"start":{"line":11,"column":8},"end":{"line":11,"column":48}}]},"2":{"line":16,"type":"binary-expr","locations":[{"start":{"line":16,"column":22},"end":{"line":16,"column":37}},{"start":{"line":16,"column":41},"end":{"line":16,"column":68}}]},"3":{"line":20,"type":"if","locations":[{"start":{"line":20,"column":8},"end":{"line":20,"column":8}},{"start":{"line":20,"column":8},"end":{"line":20,"column":8}}]},"4":{"line":55,"type":"binary-expr","locations":[{"start":{"line":55,"column":46},"end":{"line":55,"column":69}},{"start":{"line":55,"column":73},"end":{"line":55,"column":75}}]}},"code":["'use strict';","","const depcheck = require('depcheck');","const ora = require('ora');","const _ = require('lodash');","","function skipUnused(currentState) {","    return currentState.get('skipUnused') ||        // manual option to ignore this","        currentState.get('global') ||               // global modules","        currentState.get('update') ||               // in the process of doing an update","        !currentState.get('cwdPackageJson').name;   // there's no package.json","}","","function checkUnused(currentState) {","    const spinner = ora(`Checking for unused packages. --skip-unused if you don't want this.`);","    spinner.enabled = spinner.enabled && currentState.get('spinner');","    spinner.start();","","    return new Promise(resolve => {","        if (skipUnused(currentState)) {","            resolve(currentState);","        }","","        const depCheckOptions = {","            ignoreDirs: [","                'sandbox',","                'dist',","                'generated',","                '.generated',","                'build',","                'fixtures'","            ],","            ignoreMatches: [","                'gulp-*',","                'grunt-*',","                'karma-*',","                'angular-*',","                'babel-*',","                'metalsmith-*',","                'grunt',","                'mocha',","                'ava'","            ]","        };","","        depcheck(currentState.get('cwd'), depCheckOptions, resolve);","    }).then(depCheckResults => {","        spinner.stop();","        const unusedDependencies = [].concat(depCheckResults.dependencies, depCheckResults.devDependencies);","        currentState.set('unusedDependencies', unusedDependencies);","","        const cwdPackageJson = currentState.get('cwdPackageJson');","","        // currently missing will return devDependencies that aren't really missing","        const missingFromPackageJson = _.omit(depCheckResults.missing || {},","                    Object.keys(cwdPackageJson.dependencies), Object.keys(cwdPackageJson.devDependencies));","        currentState.set('missingFromPackageJson', missingFromPackageJson);","        return currentState;","    });","}","","module.exports = checkUnused;",""],"l":{"3":1,"4":1,"5":1,"7":1,"8":1,"14":1,"15":1,"16":1,"17":1,"19":1,"20":1,"21":0,"24":1,"46":1,"48":1,"49":1,"50":1,"52":1,"55":1,"57":1,"58":1,"62":1}},"/home/travis/build/npmtest/node-npmtest-npm-check/node_modules/npm-check/lib/in/create-package-summary.js":{"path":"/home/travis/build/npmtest/node-npmtest-npm-check/node_modules/npm-check/lib/in/create-package-summary.js","s":{"1":1,"2":1,"3":1,"4":1,"5":1,"6":1,"7":1,"8":1,"9":1,"10":11,"11":11,"12":11,"13":11,"14":11,"15":11,"16":0,"17":11,"18":11,"19":2,"20":9,"21":9,"22":0,"23":0,"24":0,"25":0,"26":9,"27":9,"28":1,"29":9,"30":1,"31":8,"32":9,"33":9,"34":9,"35":9,"36":9,"37":9,"38":9,"39":9,"40":9,"41":9,"42":9,"43":54,"44":1},"b":{"1":[0,11],"2":[11,11,8],"3":[2,9],"4":[11,3],"5":[0,9],"6":[0,0],"7":[0,0],"8":[1,8],"9":[0,9],"10":[9,4,4,0],"11":[9,0],"12":[9,5],"13":[9,9],"14":[9,9,4],"15":[0,4],"16":[4,1],"17":[9,1,1],"18":[9,1,1,1]},"f":{"1":11,"2":9},"fnMap":{"1":{"name":"createPackageSummary","line":12,"loc":{"start":{"line":12,"column":0},"end":{"line":12,"column":56}}},"2":{"name":"foundIn","line":46,"loc":{"start":{"line":46,"column":4},"end":{"line":46,"column":28}}}},"statementMap":{"1":{"start":{"line":3,"column":0},"end":{"line":3,"column":55}},"2":{"start":{"line":4,"column":0},"end":{"line":4,"column":68}},"3":{"start":{"line":5,"column":0},"end":{"line":5,"column":28}},"4":{"start":{"line":6,"column":0},"end":{"line":6,"column":42}},"5":{"start":{"line":7,"column":0},"end":{"line":7,"column":42}},"6":{"start":{"line":8,"column":0},"end":{"line":8,"column":29}},"7":{"start":{"line":9,"column":0},"end":{"line":9,"column":33}},"8":{"start":{"line":10,"column":0},"end":{"line":10,"column":39}},"9":{"start":{"line":12,"column":0},"end":{"line":110,"column":1}},"10":{"start":{"line":13,"column":4},"end":{"line":13,"column":62}},"11":{"start":{"line":15,"column":4},"end":{"line":15,"column":82}},"12":{"start":{"line":16,"column":4},"end":{"line":16,"column":59}},"13":{"start":{"line":17,"column":4},"end":{"line":17,"column":85}},"14":{"start":{"line":20,"column":4},"end":{"line":20,"column":57}},"15":{"start":{"line":21,"column":4},"end":{"line":23,"column":5}},"16":{"start":{"line":22,"column":8},"end":{"line":22,"column":21}},"17":{"start":{"line":26,"column":4},"end":{"line":28,"column":55}},"18":{"start":{"line":30,"column":4},"end":{"line":32,"column":5}},"19":{"start":{"line":31,"column":8},"end":{"line":31,"column":21}},"20":{"start":{"line":35,"column":4},"end":{"line":35,"column":46}},"21":{"start":{"line":36,"column":4},"end":{"line":41,"column":5}},"22":{"start":{"line":37,"column":8},"end":{"line":37,"column":151}},"23":{"start":{"line":37,"column":81},"end":{"line":37,"column":117}},"24":{"start":{"line":38,"column":8},"end":{"line":40,"column":9}},"25":{"start":{"line":39,"column":12},"end":{"line":39,"column":25}},"26":{"start":{"line":43,"column":4},"end":{"line":43,"column":70}},"27":{"start":{"line":44,"column":4},"end":{"line":44,"column":78}},"28":{"start":{"line":46,"column":4},"end":{"line":53,"column":5}},"29":{"start":{"line":47,"column":8},"end":{"line":49,"column":9}},"30":{"start":{"line":48,"column":12},"end":{"line":48,"column":19}},"31":{"start":{"line":51,"column":8},"end":{"line":52,"column":24}},"32":{"start":{"line":51,"column":52},"end":{"line":51,"column":97}},"33":{"start":{"line":55,"column":4},"end":{"line":109,"column":11}},"34":{"start":{"line":57,"column":12},"end":{"line":57,"column":63}},"35":{"start":{"line":59,"column":12},"end":{"line":59,"column":182}},"36":{"start":{"line":60,"column":12},"end":{"line":60,"column":57}},"37":{"start":{"line":62,"column":12},"end":{"line":62,"column":85}},"38":{"start":{"line":64,"column":12},"end":{"line":64,"column":67}},"39":{"start":{"line":65,"column":12},"end":{"line":65,"column":90}},"40":{"start":{"line":67,"column":12},"end":{"line":69,"column":126}},"41":{"start":{"line":71,"column":12},"end":{"line":71,"column":70}},"42":{"start":{"line":73,"column":12},"end":{"line":108,"column":14}},"43":{"start":{"line":94,"column":20},"end":{"line":94,"column":61}},"44":{"start":{"line":112,"column":0},"end":{"line":112,"column":38}}},"branchMap":{"1":{"line":21,"type":"if","locations":[{"start":{"line":21,"column":4},"end":{"line":21,"column":4}},{"start":{"line":21,"column":4},"end":{"line":21,"column":4}}]},"2":{"line":26,"type":"binary-expr","locations":[{"start":{"line":26,"column":31},"end":{"line":26,"column":70}},{"start":{"line":27,"column":8},"end":{"line":27,"column":50}},{"start":{"line":28,"column":8},"end":{"line":28,"column":54}}]},"3":{"line":30,"type":"if","locations":[{"start":{"line":30,"column":4},"end":{"line":30,"column":4}},{"start":{"line":30,"column":4},"end":{"line":30,"column":4}}]},"4":{"line":30,"type":"binary-expr","locations":[{"start":{"line":30,"column":8},"end":{"line":30,"column":26}},{"start":{"line":30,"column":30},"end":{"line":30,"column":68}}]},"5":{"line":36,"type":"if","locations":[{"start":{"line":36,"column":4},"end":{"line":36,"column":4}},{"start":{"line":36,"column":4},"end":{"line":36,"column":4}}]},"6":{"line":37,"type":"cond-expr","locations":[{"start":{"line":37,"column":52},"end":{"line":37,"column":118}},{"start":{"line":37,"column":121},"end":{"line":37,"column":150}}]},"7":{"line":38,"type":"if","locations":[{"start":{"line":38,"column":8},"end":{"line":38,"column":8}},{"start":{"line":38,"column":8},"end":{"line":38,"column":8}}]},"8":{"line":47,"type":"if","locations":[{"start":{"line":47,"column":8},"end":{"line":47,"column":8}},{"start":{"line":47,"column":8},"end":{"line":47,"column":8}}]},"9":{"line":59,"type":"cond-expr","locations":[{"start":{"line":59,"column":142},"end":{"line":59,"column":159}},{"start":{"line":59,"column":162},"end":{"line":59,"column":181}}]},"10":{"line":59,"type":"binary-expr","locations":[{"start":{"line":59,"column":27},"end":{"line":59,"column":43}},{"start":{"line":59,"column":47},"end":{"line":59,"column":66}},{"start":{"line":59,"column":70},"end":{"line":59,"column":87}},{"start":{"line":59,"column":91},"end":{"line":59,"column":139}}]},"11":{"line":60,"type":"binary-expr","locations":[{"start":{"line":60,"column":29},"end":{"line":60,"column":50}},{"start":{"line":60,"column":54},"end":{"line":60,"column":56}}]},"12":{"line":64,"type":"binary-expr","locations":[{"start":{"line":64,"column":33},"end":{"line":64,"column":49}},{"start":{"line":64,"column":53},"end":{"line":64,"column":66}}]},"13":{"line":65,"type":"binary-expr","locations":[{"start":{"line":65,"column":35},"end":{"line":65,"column":55}},{"start":{"line":65,"column":59},"end":{"line":65,"column":89}}]},"14":{"line":67,"type":"binary-expr","locations":[{"start":{"line":67,"column":25},"end":{"line":67,"column":45}},{"start":{"line":68,"column":24},"end":{"line":68,"column":50}},{"start":{"line":69,"column":25},"end":{"line":69,"column":124}}]},"15":{"line":69,"type":"cond-expr","locations":[{"start":{"line":69,"column":78},"end":{"line":69,"column":89}},{"start":{"line":69,"column":92},"end":{"line":69,"column":124}}]},"16":{"line":69,"type":"binary-expr","locations":[{"start":{"line":69,"column":25},"end":{"line":69,"column":39}},{"start":{"line":69,"column":43},"end":{"line":69,"column":75}}]},"17":{"line":96,"type":"binary-expr","locations":[{"start":{"line":96,"column":26},"end":{"line":96,"column":63}},{"start":{"line":97,"column":20},"end":{"line":97,"column":46}},{"start":{"line":98,"column":20},"end":{"line":98,"column":71}}]},"18":{"line":101,"type":"binary-expr","locations":[{"start":{"line":101,"column":29},"end":{"line":101,"column":66}},{"start":{"line":102,"column":20},"end":{"line":102,"column":46}},{"start":{"line":103,"column":20},"end":{"line":103,"column":64}},{"start":{"line":104,"column":20},"end":{"line":104,"column":36}}]}},"code":["'use strict';","","const readPackageJson = require('./read-package-json');","const getLatestFromRegistry = require('./get-latest-from-registry');","const _ = require('lodash');","const semverDiff = require('semver-diff');","const pathExists = require('path-exists');","const path = require('path');","const semver = require('semver');","const minimatch = require('minimatch');","","function createPackageSummary(moduleName, currentState) {","    const cwdPackageJson = currentState.get('cwdPackageJson');","","    const modulePath = path.join(currentState.get('nodeModulesPath'), moduleName);","    const packageIsInstalled = pathExists.sync(modulePath);","    const modulePackageJson = readPackageJson(path.join(modulePath, 'package.json'));","","    // Ignore private packages","    const isPrivate = Boolean(modulePackageJson.private);","    if (isPrivate) {","        return false;","    }","","    // Ignore packages that are using github or file urls","    const packageJsonVersion = cwdPackageJson.dependencies[moduleName] ||","        cwdPackageJson.devDependencies[moduleName] ||","        currentState.get('globalPackages')[moduleName];","","    if (packageJsonVersion && !semver.validRange(packageJsonVersion)) {","        return false;","    }","","    // Ignore specified '--ignore' package globs","    const ignore = currentState.get('ignore');","    if (ignore) {","        const ignoreMatch = Array.isArray(ignore) ? ignore.some(ignoredModule => minimatch(moduleName, ignoredModule)) : minimatch(moduleName, ignore);","        if (ignoreMatch) {","            return false;","        }","    }","","    const unusedDependencies = currentState.get('unusedDependencies');","    const missingFromPackageJson = currentState.get('missingFromPackageJson');","","    function foundIn(files) {","        if (!files) {","            return;","        }","","        return 'Found in: ' + files.map(filepath => filepath.replace(currentState.get('cwd'), ''))","            .join(', ');","    }","","    return getLatestFromRegistry(moduleName)","        .then(fromRegistry => {","            const installedVersion = modulePackageJson.version;","","            const latest = installedVersion && fromRegistry.latest && fromRegistry.next && semver.gt(installedVersion, fromRegistry.latest) ? fromRegistry.next : fromRegistry.latest;","            const versions = fromRegistry.versions || [];","","            const versionWanted = semver.maxSatisfying(versions, packageJsonVersion);","","            const versionToUse = installedVersion || versionWanted;","            const usingNonSemver = semver.valid(latest) && semver.lt(latest, '1.0.0-pre');","","            const bump = semver.valid(latest) &&","                        semver.valid(versionToUse) &&","                        (usingNonSemver && semverDiff(versionToUse, latest) ? 'nonSemver' : semverDiff(versionToUse, latest));","","            const unused = _.includes(unusedDependencies, moduleName);","","            return {","                // info","                moduleName: moduleName,","                homepage: fromRegistry.homepage,","                regError: fromRegistry.error,","                pkgError: modulePackageJson.error,","","                // versions","                latest: latest,","                installed: versionToUse,","                isInstalled: packageIsInstalled,","                notInstalled: !packageIsInstalled,","                packageWanted: versionWanted,","                packageJson: packageJsonVersion,","","                // Missing from package json","                notInPackageJson: foundIn(missingFromPackageJson[moduleName]),","","                // meta","                devDependency: _.has(cwdPackageJson.devDependencies, moduleName),","                usedInScripts: _.findKey(cwdPackageJson.scripts, script => {","                    return script.indexOf(moduleName) !== -1;","                }),","                mismatch: semver.validRange(packageJsonVersion) &&","                    semver.valid(versionToUse) &&","                    !semver.satisfies(versionToUse, packageJsonVersion),","                semverValid:","                    semver.valid(versionToUse),","                easyUpgrade: semver.validRange(packageJsonVersion) &&","                    semver.valid(versionToUse) &&","                    semver.satisfies(latest, packageJsonVersion) &&","                    bump !== 'major',","                bump: bump,","","                unused: unused","            };","        });","}","","module.exports = createPackageSummary;",""],"l":{"3":1,"4":1,"5":1,"6":1,"7":1,"8":1,"9":1,"10":1,"12":1,"13":11,"15":11,"16":11,"17":11,"20":11,"21":11,"22":0,"26":11,"30":11,"31":2,"35":9,"36":9,"37":0,"38":0,"39":0,"43":9,"44":9,"46":1,"47":9,"48":1,"51":9,"55":9,"57":9,"59":9,"60":9,"62":9,"64":9,"65":9,"67":9,"71":9,"73":9,"94":54,"112":1}},"/home/travis/build/npmtest/node-npmtest-npm-check/node_modules/npm-check/lib/in/read-package-json.js":{"path":"/home/travis/build/npmtest/node-npmtest-npm-check/node_modules/npm-check/lib/in/read-package-json.js","s":{"1":1,"2":1,"3":12,"4":12,"5":12,"6":12,"7":5,"8":5,"9":0,"10":12,"11":1},"b":{"1":[5,0]},"f":{"1":12},"fnMap":{"1":{"name":"readPackageJson","line":5,"loc":{"start":{"line":5,"column":0},"end":{"line":5,"column":35}}}},"statementMap":{"1":{"start":{"line":3,"column":0},"end":{"line":3,"column":39}},"2":{"start":{"line":5,"column":0},"end":{"line":18,"column":1}},"3":{"start":{"line":6,"column":4},"end":{"line":6,"column":12}},"4":{"start":{"line":7,"column":4},"end":{"line":7,"column":14}},"5":{"start":{"line":8,"column":4},"end":{"line":16,"column":5}},"6":{"start":{"line":9,"column":8},"end":{"line":9,"column":32}},"7":{"start":{"line":11,"column":8},"end":{"line":15,"column":9}},"8":{"start":{"line":12,"column":12},"end":{"line":12,"column":77}},"9":{"start":{"line":14,"column":12},"end":{"line":14,"column":95}},"10":{"start":{"line":17,"column":4},"end":{"line":17,"column":77}},"11":{"start":{"line":20,"column":0},"end":{"line":20,"column":33}}},"branchMap":{"1":{"line":11,"type":"if","locations":[{"start":{"line":11,"column":8},"end":{"line":11,"column":8}},{"start":{"line":11,"column":8},"end":{"line":11,"column":8}}]}},"code":["'use strict';","","const merge = require('merge-options');","","function readPackageJson(filename) {","    let pkg;","    let error;","    try {","        pkg = require(filename);","    } catch (e) {","        if (e.code === 'MODULE_NOT_FOUND') {","            error = new Error(`A package.json was not found at ${filename}`);","        } else {","            error = new Error(`A package.json was found at ${filename}, but it is not valid.`);","        }","    }","    return merge(pkg, {devDependencies: {}, dependencies: {}, error: error});","}","","module.exports = readPackageJson;",""],"l":{"3":1,"5":1,"6":12,"7":12,"8":12,"9":12,"11":5,"12":5,"14":0,"17":12,"20":1}},"/home/travis/build/npmtest/node-npmtest-npm-check/node_modules/npm-check/lib/in/get-latest-from-registry.js":{"path":"/home/travis/build/npmtest/node-npmtest-npm-check/node_modules/npm-check/lib/in/get-latest-from-registry.js","s":{"1":1,"2":1,"3":1,"4":1,"5":1,"6":1,"7":1,"8":9,"9":9,"10":9,"11":9,"12":9,"13":9,"14":9,"15":9,"16":0,"17":0,"18":1},"b":{"1":[9,0]},"f":{"1":9},"fnMap":{"1":{"name":"getNpmInfo","line":10,"loc":{"start":{"line":10,"column":0},"end":{"line":10,"column":33}}}},"statementMap":{"1":{"start":{"line":3,"column":0},"end":{"line":3,"column":28}},"2":{"start":{"line":4,"column":0},"end":{"line":4,"column":59}},"3":{"start":{"line":5,"column":0},"end":{"line":5,"column":33}},"4":{"start":{"line":6,"column":0},"end":{"line":6,"column":44}},"5":{"start":{"line":7,"column":0},"end":{"line":7,"column":45}},"6":{"start":{"line":8,"column":0},"end":{"line":8,"column":43}},"7":{"start":{"line":10,"column":0},"end":{"line":38,"column":1}},"8":{"start":{"line":11,"column":4},"end":{"line":37,"column":11}},"9":{"start":{"line":11,"column":24},"end":{"line":11,"column":48}},"10":{"start":{"line":13,"column":12},"end":{"line":13,"column":49}},"11":{"start":{"line":15,"column":12},"end":{"line":19,"column":27}},"12":{"start":{"line":21,"column":12},"end":{"line":21,"column":55}},"13":{"start":{"line":22,"column":12},"end":{"line":22,"column":51}},"14":{"start":{"line":23,"column":12},"end":{"line":25,"column":58}},"15":{"start":{"line":26,"column":12},"end":{"line":31,"column":14}},"16":{"start":{"line":33,"column":12},"end":{"line":33,"column":65}},"17":{"start":{"line":34,"column":12},"end":{"line":36,"column":14}},"18":{"start":{"line":40,"column":0},"end":{"line":40,"column":28}}},"branchMap":{"1":{"line":23,"type":"cond-expr","locations":[{"start":{"line":24,"column":16},"end":{"line":24,"column":22}},{"start":{"line":25,"column":16},"end":{"line":25,"column":57}}]}},"code":["'use strict';","","const _ = require('lodash');","const bestGuessHomepage = require('./best-guess-homepage');","const semver = require('semver');","const packageJson = require('package-json');","const cpuCount = require('os').cpus().length;","const throat = require('throat')(cpuCount);","","function getNpmInfo(packageName) {","    return throat(() => packageJson(packageName))","        .then(rawData => {","            const CRAZY_HIGH_SEMVER = '8000.0.0';","","            const sortedVersions = _(rawData.versions)","                .keys()","                .remove(_.partial(semver.gt, CRAZY_HIGH_SEMVER))","                .sort(semver.compare)","                .valueOf();","","            const latest = rawData['dist-tags'].latest;","            const next = rawData['dist-tags'].next;","            const latestStableRelease = semver.satisfies(latest, '*') ?","                latest :","                semver.maxSatisfying(sortedVersions, '*');","            return {","                latest: latestStableRelease,","                next: next,","                versions: sortedVersions,","                homepage: bestGuessHomepage(rawData)","            };","        }).catch(err => {","            const errorMessage = `Registry error ${err.message}`;","            return {","                error: errorMessage","            };","        });","}","","module.exports = getNpmInfo;",""],"l":{"3":1,"4":1,"5":1,"6":1,"7":1,"8":1,"10":1,"11":9,"13":9,"15":9,"21":9,"22":9,"23":9,"26":9,"33":0,"34":0,"40":1}},"/home/travis/build/npmtest/node-npmtest-npm-check/node_modules/npm-check/lib/in/best-guess-homepage.js":{"path":"/home/travis/build/npmtest/node-npmtest-npm-check/node_modules/npm-check/lib/in/best-guess-homepage.js","s":{"1":1,"2":1,"3":9,"4":0,"5":9,"6":9,"7":1},"b":{"1":[0,9],"2":[9,0,0,0,0,0,0]},"f":{"1":9},"fnMap":{"1":{"name":"bestGuessHomepage","line":5,"loc":{"start":{"line":5,"column":0},"end":{"line":5,"column":33}}}},"statementMap":{"1":{"start":{"line":3,"column":0},"end":{"line":3,"column":33}},"2":{"start":{"line":5,"column":0},"end":{"line":15,"column":1}},"3":{"start":{"line":6,"column":4},"end":{"line":8,"column":5}},"4":{"start":{"line":7,"column":8},"end":{"line":7,"column"
[...]
umn":42}}},"6":{"name":"(anonymous_6)","line":82,"loc":{"start":{"line":82,"column":22},"end":{"line":82,"column":37}}},"7":{"name":"interactive","line":99,"loc":{"start":{"line":99,"column":0},"end":{"line":99,"column":35}}}},"statementMap":{"1":{"start":{"line":3,"column":0},"end":{"line":3,"column":28}},"2":{"start":{"line":4,"column":0},"end":{"line":4,"column":37}},"3":{"start":{"line":5,"column":0},"end":{"line":5,"column":31}},"4":{"start":{"line":6,"column":0},"end":{"line":6,"column":36}},"5":{"start":{"line":7,"column":0},"end":{"line":7,"column":54}},"6":{"start":{"line":8,"column":0},"end":{"line":8,"column":33}},"7":{"start":{"line":10,"column":0},"end":{"line":36,"column":2}},"8":{"start":{"line":38,"column":0},"end":{"line":52,"column":1}},"9":{"start":{"line":39,"column":4},"end":{"line":39,"column":56}},"10":{"start":{"line":40,"column":4},"end":{"line":40,"column":69}},"11":{"start":{"line":41,"column":4},"end":{"line":41,"column":46}},"12":{"start":{"line":42,"column":4},"end":{"line":42,"column":65}},"13":{"start":{"line":43,"column":4},"end":{"line":43,"column":66}},"14":{"start":{"line":44,"column":4},"end":{"line":44,"column":76}},"15":{"start":{"line":45,"column":4},"end":{"line":51,"column":6}},"16":{"start":{"line":54,"column":0},"end":{"line":56,"column":1}},"17":{"start":{"line":55,"column":4},"end":{"line":55,"column":45}},"18":{"start":{"line":58,"column":0},"end":{"line":68,"column":1}},"19":{"start":{"line":59,"column":4},"end":{"line":61,"column":5}},"20":{"start":{"line":60,"column":8},"end":{"line":60,"column":21}},"21":{"start":{"line":63,"column":4},"end":{"line":67,"column":6}},"22":{"start":{"line":70,"column":0},"end":{"line":72,"column":1}},"23":{"start":{"line":71,"column":4},"end":{"line":71,"column":78}},"24":{"start":{"line":74,"column":0},"end":{"line":97,"column":1}},"25":{"start":{"line":75,"column":4},"end":{"line":75,"column":63}},"26":{"start":{"line":77,"column":4},"end":{"line":78,"column":25}},"27":{"start":{"line":80,"column":4},"end":{"line":85,"column":19}},"28":{"start":{"line":83,"column":12},"end":{"line":83,"column":48}},"29":{"start":{"line":87,"column":4},"end":{"line":90,"column":7}},"30":{"start":{"line":88,"column":8},"end":{"line":88,"column":41}},"31":{"start":{"line":89,"column":8},"end":{"line":89,"column":22}},"32":{"start":{"line":92,"column":4},"end":{"line":96,"column":5}},"33":{"start":{"line":93,"column":8},"end":{"line":93,"column":47}},"34":{"start":{"line":94,"column":8},"end":{"line":94,"column":40}},"35":{"start":{"line":95,"column":8},"end":{"line":95,"column":23}},"36":{"start":{"line":99,"column":0},"end":{"line":168,"column":1}},"37":{"start":{"line":100,"column":4},"end":{"line":100,"column":50}},"38":{"start":{"line":102,"column":4},"end":{"line":104,"column":5}},"39":{"start":{"line":103,"column":8},"end":{"line":103,"column":42}},"40":{"start":{"line":106,"column":4},"end":{"line":107,"column":25}},"41":{"start":{"line":106,"column":50},"end":{"line":106,"column":80}},"42":{"start":{"line":109,"column":4},"end":{"line":109,"column":46}},"43":{"start":{"line":111,"column":4},"end":{"line":114,"column":5}},"44":{"start":{"line":112,"column":8},"end":{"line":112,"column":132}},"45":{"start":{"line":113,"column":8},"end":{"line":113,"column":15}},"46":{"start":{"line":116,"column":4},"end":{"line":116,"column":33}},"47":{"start":{"line":117,"column":4},"end":{"line":117,"column":107}},"48":{"start":{"line":119,"column":4},"end":{"line":127,"column":6}},"49":{"start":{"line":129,"column":4},"end":{"line":167,"column":7}},"50":{"start":{"line":129,"column":34},"end":{"line":129,"column":69}},"51":{"start":{"line":130,"column":8},"end":{"line":130,"column":50}},"52":{"start":{"line":132,"column":8},"end":{"line":135,"column":9}},"53":{"start":{"line":133,"column":12},"end":{"line":133,"column":60}},"54":{"start":{"line":134,"column":12},"end":{"line":134,"column":25}},"55":{"start":{"line":137,"column":8},"end":{"line":139,"column":59}},"56":{"start":{"line":138,"column":27},"end":{"line":138,"column":45}},"57":{"start":{"line":139,"column":24},"end":{"line":139,"column":57}},"58":{"start":{"line":141,"column":8},"end":{"line":143,"column":59}},"59":{"start":{"line":142,"column":27},"end":{"line":142,"column":44}},"60":{"start":{"line":143,"column":24},"end":{"line":143,"column":57}},"61":{"start":{"line":145,"column":8},"end":{"line":146,"column":70}},"62":{"start":{"line":146,"column":24},"end":{"line":146,"column":57}},"63":{"start":{"line":148,"column":8},"end":{"line":156,"column":9}},"64":{"start":{"line":149,"column":12},"end":{"line":151,"column":13}},"65":{"start":{"line":150,"column":16},"end":{"line":150,"column":51}},"66":{"start":{"line":153,"column":12},"end":{"line":155,"column":13}},"67":{"start":{"line":154,"column":16},"end":{"line":154,"column":58}},"68":{"start":{"line":158,"column":8},"end":{"line":166,"column":15}},"69":{"start":{"line":159,"column":34},"end":{"line":159,"column":84}},"70":{"start":{"line":161,"column":16},"end":{"line":161,"column":32}},"71":{"start":{"line":162,"column":16},"end":{"line":162,"column":73}},"72":{"start":{"line":163,"column":16},"end":{"line":163,"column":75}},"73":{"start":{"line":164,"column":16},"end":{"line":164,"column":133}},"74":{"start":{"line":165,"column":16},"end":{"line":165,"column":36}},"75":{"start":{"line":170,"column":0},"end":{"line":170,"column":29}}},"branchMap":{"1":{"line":39,"type":"cond-expr","locations":[{"start":{"line":39,"column":37},"end":{"line":39,"column":50}},{"start":{"line":39,"column":53},"end":{"line":39,"column":55}}]},"2":{"line":40,"type":"cond-expr","locations":[{"start":{"line":40,"column":37},"end":{"line":40,"column":52}},{"start":{"line":40,"column":55},"end":{"line":40,"column":68}}]},"3":{"line":42,"type":"cond-expr","locations":[{"start":{"line":42,"column":37},"end":{"line":42,"column":59}},{"start":{"line":42,"column":62},"end":{"line":42,"column":64}}]},"4":{"line":43,"type":"cond-expr","locations":[{"start":{"line":43,"column":39},"end":{"line":43,"column":60}},{"start":{"line":43,"column":63},"end":{"line":43,"column":65}}]},"5":{"line":44,"type":"cond-expr","locations":[{"start":{"line":44,"column":36},"end":{"line":44,"column":70}},{"start":{"line":44,"column":73},"end":{"line":44,"column":75}}]},"6":{"line":48,"type":"binary-expr","locations":[{"start":{"line":48,"column":8},"end":{"line":48,"column":17}},{"start":{"line":48,"column":21},"end":{"line":48,"column":24}}]},"7":{"line":49,"type":"binary-expr","locations":[{"start":{"line":49,"column":19},"end":{"line":49,"column":29}},{"start":{"line":49,"column":33},"end":{"line":49,"column":35}}]},"8":{"line":50,"type":"cond-expr","locations":[{"start":{"line":50,"column":21},"end":{"line":50,"column":29}},{"start":{"line":50,"column":32},"end":{"line":50,"column":60}}]},"9":{"line":50,"type":"binary-expr","locations":[{"start":{"line":50,"column":32},"end":{"line":50,"column":44}},{"start":{"line":50,"column":48},"end":{"line":50,"column":60}}]},"10":{"line":59,"type":"if","locations":[{"start":{"line":59,"column":4},"end":{"line":59,"column":4}},{"start":{"line":59,"column":4},"end":{"line":59,"column":4}}]},"11":{"line":59,"type":"binary-expr","locations":[{"start":{"line":59,"column":8},"end":{"line":59,"column":21}},{"start":{"line":59,"column":25},"end":{"line":59,"column":34}},{"start":{"line":59,"column":38},"end":{"line":59,"column":55}}]},"12":{"line":71,"type":"cond-expr","locations":[{"start":{"line":71,"column":56},"end":{"line":71,"column":69}},{"start":{"line":71,"column":72},"end":{"line":71,"column":75}}]},"13":{"line":92,"type":"if","locations":[{"start":{"line":92,"column":4},"end":{"line":92,"column":4}},{"start":{"line":92,"column":4},"end":{"line":92,"column":4}}]},"14":{"line":102,"type":"if","locations":[{"start":{"line":102,"column":4},"end":{"line":102,"column":4}},{"start":{"line":102,"column":4},"end":{"line":102,"column":4}}]},"15":{"line":111,"type":"if","locations":[{"start":{"line":111,"column":4},"end":{"line":111,"column":4}},{"start":{"line":111,"column":4},"end":{"line":111,"column":4}}]},"16":{"line":132,"type":"if","locations":[{"start":{"line":132,"column":8},"end":{"line":132,"column":8}},{"start":{"line":132,"column":8},"end":{"line":132,"column":8}}]},"17":{"line":132,"type":"binary-expr","locations":[{"start":{"line":132,"column":12},"end":{"line":132,"column":29}},{"start":{"line":132,"column":33},"end":{"line":132,"column":57}}]},"18":{"line":148,"type":"if","locations":[{"start":{"line":148,"column":8},"end":{"line":148,"column":8}},{"start":{"line":148,"column":8},"end":{"line":148,"column":8}}]},"19":{"line":149,"type":"if","locations":[{"start":{"line":149,"column":12},"end":{"line":149,"column":12}},{"start":{"line":149,"column":12},"end":{"line":149,"column":12}}]},"20":{"line":153,"type":"if","locations":[{"start":{"line":153,"column":12},"end":{"line":153,"column":12}},{"start":{"line":153,"column":12},"end":{"line":153,"column":12}}]}},"code":["'use strict';","","const _ = require('lodash');","const inquirer = require('inquirer');","const chalk = require('chalk');","const table = require('text-table');","const installPackages = require('./install-packages');","const emoji = require('./emoji');","","const UI_GROUPS = [","    {","        title: chalk.bold.underline.green('Update package.json to match version installed.'),","        filter: {mismatch: true, bump: null}","    },","    {","        title: `${chalk.bold.underline.green('Missing.')} ${chalk.green('You probably want these.')}`,","        filter: {notInstalled: true, bump: null}","    },","    {","        title: `${chalk.bold.underline.green('Patch Update')} ${chalk.green('Backwards-compatible bug fixes.')}`,","        filter: {bump: 'patch'}","    },","    {","        title: `${chalk.yellow.underline.bold('Minor Update')} ${chalk.yellow('New backwards-compatible features.')}`,","        bgColor: 'yellow',","        filter: {bump: 'minor'}","    },","    {","        title: `${chalk.red.underline.bold('Major Update')} ${chalk.red('Potentially breaking API changes. Use caution.')}`,","        filter: {bump: 'major'}","    },","    {","        title: `${chalk.magenta.underline.bold('Non-Semver')} ${chalk.magenta('Versions less than 1.0.0, caution.')}`,","        filter: {bump: 'nonSemver'}","    }","];","","function label(pkg) {","    const bumpInstalled = pkg.bump ? pkg.installed : '';","    const installed = pkg.mismatch ? pkg.packageJson : bumpInstalled;","    const name = chalk.yellow(pkg.moduleName);","    const type = pkg.devDependency ? chalk.green(' devDep') : '';","    const missing = pkg.notInstalled ? chalk.red(' missing') : '';","    const homepage = pkg.homepage ? chalk.blue.underline(pkg.homepage) : '';","    return [","        name + type + missing,","        installed,","        installed && '❯',","        chalk.bold(pkg.latest || ''),","        pkg.latest ? homepage : pkg.regError || pkg.pkgError","    ];","}","","function short(pkg) {","    return `${pkg.moduleName}@${pkg.latest}`;","}","","function choice(pkg) {","    if (!pkg.mismatch && !pkg.bump && !pkg.notInstalled) {","        return false;","    }","","    return {","        value: pkg,","        name: label(pkg),","        short: short(pkg)","    };","}","","function unselectable(options) {","    return new inquirer.Separator(chalk.reset(options ? options.title : ' '));","}","","function createChoices(packages, options) {","    const filteredChoices = _.filter(packages, options.filter);","","    const choices = filteredChoices.map(choice)","        .filter(Boolean);","","    const choicesAsATable = table(_.map(choices, 'name'), {","        align: ['l', 'l', 'l'],","        stringLength: function (str) {","            return chalk.stripColor(str).length;","        }","    }).split('\\n');","","    const choicesWithTableFormating = _.map(choices, (choice, i) => {","        choice.name = choicesAsATable[i];","        return choice;","    });","","    if (choicesWithTableFormating.length) {","        choices.unshift(unselectable(options));","        choices.unshift(unselectable());","        return choices;","    }","}","","function interactive(currentState) {","    const packages = currentState.get('packages');","","    if (currentState.get('debug')) {","        console.log('packages', packages);","    }","","    const choicesGrouped = UI_GROUPS.map(group => createChoices(packages, group))","        .filter(Boolean);","","    const choices = _.flatten(choicesGrouped);","","    if (!choices.length) {","        console.log(`${emoji(':heart:  ')}Your modules look ${chalk.bold('amazing')}. Keep up the great work.${emoji(' :heart:')}`);","        return;","    }","","    choices.push(unselectable());","    choices.push(unselectable({title: 'Space to select. Enter to start upgrading. Control-C to cancel.'}));","","    const questions = [","        {","            name: 'packages',","            message: 'Choose which packages to update.',","            type: 'checkbox',","            choices: choices.concat(unselectable()),","            pageSize: process.stdout.rows - 2","        }","    ];","","    return new Promise(resolve => inquirer.prompt(questions, resolve)).then(answers => {","        const packagesToUpdate = answers.packages;","","        if (!packagesToUpdate || !packagesToUpdate.length) {","            console.log('No packages selected for update.');","            return false;","        }","","        const saveDependencies = packagesToUpdate","            .filter(pkg => !pkg.devDependency)","            .map(pkg => pkg.moduleName + '@' + pkg.latest);","","        const saveDevDependencies = packagesToUpdate","            .filter(pkg => pkg.devDependency)","            .map(pkg => pkg.moduleName + '@' + pkg.latest);","","        const updatedPackages = packagesToUpdate","            .map(pkg => pkg.moduleName + '@' + pkg.latest).join(', ');","","        if (!currentState.get('global')) {","            if (saveDependencies.length) {","                saveDependencies.unshift('--save');","            }","","            if (saveDevDependencies.length) {","                saveDevDependencies.unshift('--save-dev');","            }","        }","","        return installPackages(saveDependencies, currentState)","            .then(currentState => installPackages(saveDevDependencies, currentState))","            .then(currentState => {","                console.log('');","                console.log(chalk.green(`[npm-check] Update complete!`));","                console.log(chalk.green('[npm-check] ' + updatedPackages));","                console.log(chalk.green(`[npm-check] You should re-run your tests to make sure everything works with the updates.`));","                return currentState;","            });","    });","}","","module.exports = interactive;",""],"l":{"3":1,"4":1,"5":1,"6":1,"7":1,"8":1,"10":1,"38":1,"39":0,"40":0,"41":0,"42":0,"43":0,"44":0,"45":0,"54":1,"55":0,"58":1,"59":0,"60":0,"63":0,"70":1,"71":0,"74":1,"75":0,"77":0,"80":0,"83":0,"87":0,"88":0,"89":0,"92":0,"93":0,"94":0,"95":0,"99":1,"100":0,"102":0,"103":0,"106":0,"109":0,"111":0,"112":0,"113":0,"116":0,"117":0,"119":0,"129":0,"130":0,"132":0,"133":0,"134":0,"137":0,"138":0,"139":0,"141":0,"142":0,"143":0,"145":0,"146":0,"148":0,"149":0,"150":0,"153":0,"154":0,"158":0,"159":0,"161":0,"162":0,"163":0,"164":0,"165":0,"170":1}},"/home/travis/build/npmtest/node-npmtest-npm-check/node_modules/npm-check/lib/out/install-packages.js":{"path":"/home/travis/build/npmtest/node-npmtest-npm-check/node_modules/npm-check/lib/out/install-packages.js","s":{"1":1,"2":1,"3":1,"4":1,"5":0,"6":0,"7":0,"8":0,"9":0,"10":0,"11":0,"12":0,"13":0,"14":0,"15":0,"16":0,"17":0,"18":0,"19":0,"20":0,"21":0,"22":0,"23":0,"24":1},"b":{"1":[0,0],"2":[0,0],"3":[0,0],"4":[0,0],"5":[0,0]},"f":{"1":0},"fnMap":{"1":{"name":"install","line":7,"loc":{"start":{"line":7,"column":0},"end":{"line":7,"column":41}}}},"statementMap":{"1":{"start":{"line":3,"column":0},"end":{"line":3,"column":31}},"2":{"start":{"line":4,"column":0},"end":{"line":4,"column":31}},"3":{"start":{"line":5,"column":0},"end":{"line":5,"column":27}},"4":{"start":{"line":7,"column":0},"end":{"line":40,"column":1}},"5":{"start":{"line":8,"column":4},"end":{"line":10,"column":5}},"6":{"start":{"line":9,"column":8},"end":{"line":9,"column":45}},"7":{"start":{"line":12,"column":4},"end":{"line":12,"column":52}},"8":{"start":{"line":13,"column":4},"end":{"line":13,"column":73}},"9":{"start":{"line":14,"column":4},"end":{"line":14,"column":76}},"10":{"start":{"line":15,"column":4},"end":{"line":15,"column":64}},"11":{"start":{"line":17,"column":4},"end":{"line":22,"column":25}},"12":{"start":{"line":24,"column":4},"end":{"line":24,"column":20}},"13":{"start":{"line":25,"column":4},"end":{"line":25,"column":81}},"14":{"start":{"line":26,"column":4},"end":{"line":26,"column":73}},"15":{"start":{"line":27,"column":4},"end":{"line":27,"column":69}},"16":{"start":{"line":28,"column":4},"end":{"line":28,"column":20}},"17":{"start":{"line":30,"column":4},"end":{"line":39,"column":7}},"18":{"start":{"line":31,"column":8},"end":{"line":31,"column":23}},"19":{"start":{"line":32,"column":8},"end":{"line":32,"column":35}},"20":{"start":{"line":33,"column":8},"end":{"line":33,"column":35}},"21":{"start":{"line":35,"column":8},"end":{"line":35,"column":28}},"22":{"start":{"line":37,"column":8},"end":{"line":37,"column":23}},"23":{"start":{"line":38,"column":8},"end":{"line":38,"column":18}},"24":{"start":{"line":42,"column":0},"end":{"line":42,"column":25}}},"branchMap":{"1":{"line":8,"type":"if","locations":[{"start":{"line":8,"column":4},"end":{"line":8,"column":4}},{"start":{"line":8,"column":4},"end":{"line":8,"column":4}}]},"2":{"line":13,"type":"cond-expr","locations":[{"start":{"line":13,"column":55},"end":{"line":13,"column":65}},{"start":{"line":13,"column":68},"end":{"line":13,"column":72}}]},"3":{"line":14,"type":"cond-expr","locations":[{"start":{"line":14,"column":54},"end":{"line":14,"column":68}},{"start":{"line":14,"column":71},"end":{"line":14,"column":75}}]},"4":{"line":15,"type":"cond-expr","locations":[{"start":{"line":15,"column":40},"end":{"line":15,"column":56}},{"start":{"line":15,"column":59},"end":{"line":15,"column":63}}]},"5":{"line":27,"type":"binary-expr","locations":[{"start":{"line":27,"column":22},"end":{"line":27,"column":37}},{"start":{"line":27,"column":41},"end":{"line":27,"column":68}}]}},"code":["'use strict';","","const chalk = require('chalk');","const execa = require('execa');","const ora = require('ora');","","function install(packages, currentState) {","    if (!packages.length) {","        return Promise.resolve(currentState);","    }","","    const installer = currentState.get('installer');","    const installGlobal = currentState.get('global') ? '--global' : null;","    const saveExact = currentState.get('saveExact') ? '--save-exact' : null;","    const color = chalk.supportsColor ? '--color=always' : null;","","    const npmArgs = ['install']","        .concat(installGlobal)","        .concat(saveExact)","        .concat(packages)","        .concat(color)","        .filter(Boolean);","","    console.log('');","    console.log(`$ ${chalk.green(installer)} ${chalk.green(npmArgs.join(' '))}`);","    const spinner = ora(`Installing using ${chalk.green(installer)}...`);","    spinner.enabled = spinner.enabled && currentState.get('spinner');","    spinner.start();","","    return execa(installer, npmArgs, {cwd: currentState.get('cwd')}).then(output => {","        spinner.stop();","        console.log(output.stdout);","        console.log(output.stderr);","","        return currentState;","    }).catch(err => {","        spinner.stop();","        throw err;","    });","}","","module.exports = install;",""],"l":{"3":1,"4":1,"5":1,"7":1,"8":0,"9":0,"12":0,"13":0,"14":0,"15":0,"17":0,"24":0,"25":0,"26":0,"27":0,"28":0,"30":0,"31":0,"32":0,"33":0,"35":0,"37":0,"38":0,"42":1}}}